
ROM used: 576 (7%)
          576 (7%) including unused fragments

          0 Average locations per line
          1 Average locations per statement

RAM used: 37 (10%) at main() level
          48 (13%) worst case

Stack used: 5 worst case (out of 8 total available)

Lines Stmts  %   Files
----- ----- ---  -----
   39    21   3  dimmer2.c
  330     0   0  C:\Program Files (x86)\PICC\devices\16F877A.h
  411    75  12  C:\Program Files (x86)\PICC\drivers\lcd.c
  141    43   7  C:\Program Files (x86)\PICC\drivers\kbd44.c
 1273   359  58  C:\Program Files (x86)\PICC\drivers\stdlib.h
   32     0   0  C:\Program Files (x86)\PICC\drivers\stddef.h
  409   121  20  C:\Program Files (x86)\PICC\drivers\string.h
   28     0   0  C:\Program Files (x86)\PICC\drivers\ctype.h
----- -----
 2663   619 Total

Page ROM  %  RAM   Vol Diff  Functions:
---- --- --- ---   --- ----  ----------
0     21   4   1             @delay_ms1
0      8   1   0             @const76
 Inline        3   587  6.0  lcd_read_byte
0      6   1   0    59  4.2  lcd_read_nibble
0     14   2   1   172  3.4  lcd_send_nibble
0     64  11   3   447  4.6  lcd_send_byte
0     55  10   2   717  5.9  lcd_init
0     18   3   4   191  5.8  lcd_gotoxy
0     45   8   1   354  4.7  lcd_putc
0     20   3   0             @const100
0      3   1   0     3  0.0  kbd44_init
0    104  18   3  5935 11.0  kbd44_getc
0      8   1   0             @goto10134
0    126  22  22   729  5.8  MAIN
0      8   1   0   147  2.4  @const388
0     72  12   3             @PSTRINGC7_93

Program metrics:
    Functions               11
    Statements              619
    Comments                962
    Volume (V)              12574
    Difficilty (D)          52.8
    Effort to implement (E) 664506
    Time to implement (T)   10 hours, 15 minutes
    Est Delivered Bugs (B)  3
    Cyclomatic Complexity   25
    Maintainability (MI)    116

 Segment     Used  Free
-----------  ----  ----
00000-00003     4  0  
00004-007FF   572  1472  
00800-00FFF     0  2048  
01000-017FF     0  2048  
01800-01FFF     0  2048  



