;  LST file generated by mikroListExporter - v.2.0 
; Date/Time: 17/11/2014 15:59:18
;----------------------------------------------

;Address Opcode 	ASM
0x0000	0x2A9C      	GOTO       668
_interrupt:
0x0004	0x00FF      	MOVWF      R15
0x0005	0x0E03      	SWAPF      STATUS, 0
0x0006	0x0183      	CLRF       STATUS
0x0007	0x00EF      	MOVWF      ___saveSTATUS
0x0008	0x080A      	MOVF       PCLATH, 0
0x0009	0x1683      	BSF        STATUS, 5
0x000A	0x00C8      	MOVWF      ___savePCLATH
0x000B	0x018A      	CLRF       PCLATH
0x000C	0x0870      	MOVF       R0, 0
0x000D	0x1283      	BCF        STATUS, 5
0x000E	0x00A2      	MOVWF      34
0x000F	0x087C      	MOVF       R12, 0
0x0010	0x00A1      	MOVWF      33
0x0011	0x087D      	MOVF       R13, 0
0x0012	0x00A0      	MOVWF      32
;dimmer.c,26 :: 		void interrupt(void) {
;dimmer.c,27 :: 		if(INTCON.INTF==1){
0x0013	0x1C8B      	BTFSS      INTCON, 1
0x0014	0x2961      	GOTO       L_interrupt0
;dimmer.c,28 :: 		if(PORTB.RB4==1&&f1==1){a=a+1;f1=0;}
0x0015	0x1E06      	BTFSS      PORTB, 4
0x0016	0x2825      	GOTO       L_interrupt3
0x0017	0x3000      	MOVLW      0
0x0018	0x1683      	BSF        STATUS, 5
0x0019	0x0647      	XORWF      _f1+1, 0
0x001A	0x1D03      	BTFSS      STATUS, 2
0x001B	0x281E      	GOTO       L__interrupt63
0x001C	0x3001      	MOVLW      1
0x001D	0x0646      	XORWF      _f1, 0
L__interrupt63:
0x001E	0x1D03      	BTFSS      STATUS, 2
0x001F	0x2825      	GOTO       L_interrupt3
L__interrupt61:
0x0020	0x0AC0      	INCF       _a, 1
0x0021	0x1903      	BTFSC      STATUS, 2
0x0022	0x0AC1      	INCF       _a+1, 1
0x0023	0x01C6      	CLRF       _f1
0x0024	0x01C7      	CLRF       _f1+1
L_interrupt3:
;dimmer.c,29 :: 		if(PORTB.RB5==0&&f2==0){a=a+1;f2=1;}
0x0025	0x1283      	BCF        STATUS, 5
0x0026	0x1A86      	BTFSC      PORTB, 5
0x0027	0x2838      	GOTO       L_interrupt6
0x0028	0x3000      	MOVLW      0
0x0029	0x1683      	BSF        STATUS, 5
0x002A	0x0645      	XORWF      _f2+1, 0
0x002B	0x1D03      	BTFSS      STATUS, 2
0x002C	0x282F      	GOTO       L__interrupt64
0x002D	0x3000      	MOVLW      0
0x002E	0x0644      	XORWF      _f2, 0
L__interrupt64:
0x002F	0x1D03      	BTFSS      STATUS, 2
0x0030	0x2838      	GOTO       L_interrupt6
L__interrupt60:
0x0031	0x0AC0      	INCF       _a, 1
0x0032	0x1903      	BTFSC      STATUS, 2
0x0033	0x0AC1      	INCF       _a+1, 1
0x0034	0x3001      	MOVLW      1
0x0035	0x00C4      	MOVWF      _f2
0x0036	0x3000      	MOVLW      0
0x0037	0x00C5      	MOVWF      _f2+1
L_interrupt6:
;dimmer.c,30 :: 		if(PORTB.RB6==1&&f3==1){a=a+1;f3=0;}
0x0038	0x1283      	BCF        STATUS, 5
0x0039	0x1F06      	BTFSS      PORTB, 6
0x003A	0x2849      	GOTO       L_interrupt9
0x003B	0x3000      	MOVLW      0
0x003C	0x1683      	BSF        STATUS, 5
0x003D	0x0643      	XORWF      _f3+1, 0
0x003E	0x1D03      	BTFSS      STATUS, 2
0x003F	0x2842      	GOTO       L__interrupt65
0x0040	0x3001      	MOVLW      1
0x0041	0x0642      	XORWF      _f3, 0
L__interrupt65:
0x0042	0x1D03      	BTFSS      STATUS, 2
0x0043	0x2849      	GOTO       L_interrupt9
L__interrupt59:
0x0044	0x0AC0      	INCF       _a, 1
0x0045	0x1903      	BTFSC      STATUS, 2
0x0046	0x0AC1      	INCF       _a+1, 1
0x0047	0x01C2      	CLRF       _f3
0x0048	0x01C3      	CLRF       _f3+1
L_interrupt9:
;dimmer.c,31 :: 		if(PORTB.RB7==1&&f4==1){a=a-1;f4=0;}
0x0049	0x1283      	BCF        STATUS, 5
0x004A	0x1F86      	BTFSS      PORTB, 7
0x004B	0x285B      	GOTO       L_interrupt12
0x004C	0x3000      	MOVLW      0
0x004D	0x1683      	BSF        STATUS, 5
0x004E	0x063F      	XORWF      _f4+1, 0
0x004F	0x1D03      	BTFSS      STATUS, 2
0x0050	0x2853      	GOTO       L__interrupt66
0x0051	0x3001      	MOVLW      1
0x0052	0x063E      	XORWF      _f4, 0
L__interrupt66:
0x0053	0x1D03      	BTFSS      STATUS, 2
0x0054	0x285B      	GOTO       L_interrupt12
L__interrupt58:
0x0055	0x3001      	MOVLW      1
0x0056	0x02C0      	SUBWF      _a, 1
0x0057	0x1C03      	BTFSS      STATUS, 0
0x0058	0x03C1      	DECF       _a+1, 1
0x0059	0x01BE      	CLRF       _f4
0x005A	0x01BF      	CLRF       _f4+1
L_interrupt12:
0x005B	0x1683      	BSF        STATUS, 5
;dimmer.c,32 :: 		if(a==8){a=0;}
0x005C	0x3000      	MOVLW      0
0x005D	0x0641      	XORWF      _a+1, 0
0x005E	0x1D03      	BTFSS      STATUS, 2
0x005F	0x2862      	GOTO       L__interrupt67
0x0060	0x3008      	MOVLW      8
0x0061	0x0640      	XORWF      _a, 0
L__interrupt67:
0x0062	0x1D03      	BTFSS      STATUS, 2
0x0063	0x2866      	GOTO       L_interrupt13
0x0064	0x01C0      	CLRF       _a
0x0065	0x01C1      	CLRF       _a+1
L_interrupt13:
;dimmer.c,33 :: 		if(a<0){a=8;}
0x0066	0x3080      	MOVLW      128
0x0067	0x0641      	XORWF      _a+1, 0
0x0068	0x00F0      	MOVWF      R0
0x0069	0x3080      	MOVLW      128
0x006A	0x0270      	SUBWF      R0, 0
0x006B	0x1D03      	BTFSS      STATUS, 2
0x006C	0x286F      	GOTO       L__interrupt68
0x006D	0x3000      	MOVLW      0
0x006E	0x0240      	SUBWF      _a, 0
L__interrupt68:
0x006F	0x1803      	BTFSC      STATUS, 0
0x0070	0x2875      	GOTO       L_interrupt14
0x0071	0x3008      	MOVLW      8
0x0072	0x00C0      	MOVWF      _a
0x0073	0x3000      	MOVLW      0
0x0074	0x00C1      	MOVWF      _a+1
L_interrupt14:
;dimmer.c,34 :: 		switch(a){
0x0075	0x291D      	GOTO       L_interrupt15
;dimmer.c,35 :: 		case 0:   PORTD.RD0=1;delay_ms(1);break;
L_interrupt17:
0x0076	0x1283      	BCF        STATUS, 5
0x0077	0x1408      	BSF        PORTD, 0
0x0078	0x3007      	MOVLW      7
0x0079	0x00FC      	MOVWF      R12
0x007A	0x307D      	MOVLW      125
0x007B	0x00FD      	MOVWF      R13
L_interrupt18:
0x007C	0x0BFD      	DECFSZ     R13, 1
0x007D	0x287C      	GOTO       L_interrupt18
0x007E	0x0BFC      	DECFSZ     R12, 1
0x007F	0x287C      	GOTO       L_interrupt18
0x0080	0x295E      	GOTO       L_interrupt16
;dimmer.c,36 :: 		case 1:   delay_us(750);PORTD.RD0=1;delay_us(500);break;
L_interrupt19:
0x0081	0x3005      	MOVLW      5
0x0082	0x00FC      	MOVWF      R12
0x0083	0x30DD      	MOVLW      221
0x0084	0x00FD      	MOVWF      R13
L_interrupt20:
0x0085	0x1283      	BCF        STATUS, 5
0x0086	0x0BFD      	DECFSZ     R13, 1
0x0087	0x2885      	GOTO       L_interrupt20
0x0088	0x0BFC      	DECFSZ     R12, 1
0x0089	0x2885      	GOTO       L_interrupt20
0x008A	0x0000      	NOP
0x008B	0x0000      	NOP
0x008C	0x1408      	BSF        PORTD, 0
0x008D	0x3004      	MOVLW      4
0x008E	0x00FC      	MOVWF      R12
0x008F	0x303D      	MOVLW      61
0x0090	0x00FD      	MOVWF      R13
L_interrupt21:
0x0091	0x0BFD      	DECFSZ     R13, 1
0x0092	0x2891      	GOTO       L_interrupt21
0x0093	0x0BFC      	DECFSZ     R12, 1
0x0094	0x2891      	GOTO       L_interrupt21
0x0095	0x0000      	NOP
0x0096	0x0000      	NOP
0x0097	0x295E      	GOTO       L_interrupt16
;dimmer.c,37 :: 		case 2:   delay_us(1520);PORTD.RD0=1;delay_us(500);break;
L_interrupt22:
0x0098	0x300A      	MOVLW      10
0x0099	0x00FC      	MOVWF      R12
0x009A	0x30DD      	MOVLW      221
0x009B	0x00FD      	MOVWF      R13
L_interrupt23:
0x009C	0x1283      	BCF        STATUS, 5
0x009D	0x0BFD      	DECFSZ     R13, 1
0x009E	0x289C      	GOTO       L_interrupt23
0x009F	0x0BFC      	DECFSZ     R12, 1
0x00A0	0x289C      	GOTO       L_interrupt23
0x00A1	0x0000      	NOP
0x00A2	0x0000      	NOP
0x00A3	0x1408      	BSF        PORTD, 0
0x00A4	0x3004      	MOVLW      4
0x00A5	0x00FC      	MOVWF      R12
0x00A6	0x303D      	MOVLW      61
0x00A7	0x00FD      	MOVWF      R13
L_interrupt24:
0x00A8	0x0BFD      	DECFSZ     R13, 1
0x00A9	0x28A8      	GOTO       L_interrupt24
0x00AA	0x0BFC      	DECFSZ     R12, 1
0x00AB	0x28A8      	GOTO       L_interrupt24
0x00AC	0x0000      	NOP
0x00AD	0x0000      	NOP
0x00AE	0x295E      	GOTO       L_interrupt16
;dimmer.c,38 :: 		case 3:   delay_us(2250);PORTD.RD0=1;delay_us(500);break;
L_interrupt25:
0x00AF	0x300F      	MOVLW      15
0x00B0	0x00FC      	MOVWF      R12
0x00B1	0x309B      	MOVLW      155
0x00B2	0x00FD      	MOVWF      R13
L_interrupt26:
0x00B3	0x1283      	BCF        STATUS, 5
0x00B4	0x0BFD      	DECFSZ     R13, 1
0x00B5	0x28B3      	GOTO       L_interrupt26
0x00B6	0x0BFC      	DECFSZ     R12, 1
0x00B7	0x28B3      	GOTO       L_interrupt26
0x00B8	0x1408      	BSF        PORTD, 0
0x00B9	0x3004      	MOVLW      4
0x00BA	0x00FC      	MOVWF      R12
0x00BB	0x303D      	MOVLW      61
0x00BC	0x00FD      	MOVWF      R13
L_interrupt27:
0x00BD	0x0BFD      	DECFSZ     R13, 1
0x00BE	0x28BD      	GOTO       L_interrupt27
0x00BF	0x0BFC      	DECFSZ     R12, 1
0x00C0	0x28BD      	GOTO       L_interrupt27
0x00C1	0x0000      	NOP
0x00C2	0x0000      	NOP
0x00C3	0x295E      	GOTO       L_interrupt16
;dimmer.c,39 :: 		case 4:   delay_ms(3);PORTD.RD0=1;delay_us(500);break;
L_interrupt28:
0x00C4	0x3014      	MOVLW      20
0x00C5	0x00FC      	MOVWF      R12
0x00C6	0x3079      	MOVLW      121
0x00C7	0x00FD      	MOVWF      R13
L_interrupt29:
0x00C8	0x1283      	BCF        STATUS, 5
0x00C9	0x0BFD      	DECFSZ     R13, 1
0x00CA	0x28C8      	GOTO       L_interrupt29
0x00CB	0x0BFC      	DECFSZ     R12, 1
0x00CC	0x28C8      	GOTO       L_interrupt29
0x00CD	0x0000      	NOP
0x00CE	0x0000      	NOP
0x00CF	0x1408      	BSF        PORTD, 0
0x00D0	0x3004      	MOVLW      4
0x00D1	0x00FC      	MOVWF      R12
0x00D2	0x303D      	MOVLW      61
0x00D3	0x00FD      	MOVWF      R13
L_interrupt30:
0x00D4	0x0BFD      	DECFSZ     R13, 1
0x00D5	0x28D4      	GOTO       L_interrupt30
0x00D6	0x0BFC      	DECFSZ     R12, 1
0x00D7	0x28D4      	GOTO       L_interrupt30
0x00D8	0x0000      	NOP
0x00D9	0x0000      	NOP
0x00DA	0x295E      	GOTO       L_interrupt16
;dimmer.c,40 :: 		case 5:   delay_us(3750);PORTD.RD0=1;delay_us(500);break;
L_interrupt31:
0x00DB	0x3019      	MOVLW      25
0x00DC	0x00FC      	MOVWF      R12
0x00DD	0x3058      	MOVLW      88
0x00DE	0x00FD      	MOVWF      R13
L_interrupt32:
0x00DF	0x1283      	BCF        STATUS, 5
0x00E0	0x0BFD      	DECFSZ     R13, 1
0x00E1	0x28DF      	GOTO       L_interrupt32
0x00E2	0x0BFC      	DECFSZ     R12, 1
0x00E3	0x28DF      	GOTO       L_interrupt32
0x00E4	0x0000      	NOP
0x00E5	0x1408      	BSF        PORTD, 0
0x00E6	0x3004      	MOVLW      4
0x00E7	0x00FC      	MOVWF      R12
0x00E8	0x303D      	MOVLW      61
0x00E9	0x00FD      	MOVWF      R13
L_interrupt33:
0x00EA	0x0BFD      	DECFSZ     R13, 1
0x00EB	0x28EA      	GOTO       L_interrupt33
0x00EC	0x0BFC      	DECFSZ     R12, 1
0x00ED	0x28EA      	GOTO       L_interrupt33
0x00EE	0x0000      	NOP
0x00EF	0x0000      	NOP
0x00F0	0x295E      	GOTO       L_interrupt16
;dimmer.c,41 :: 		case 6:   delay_us(4500);PORTD.RD0=1;delay_us(500);break;
L_interrupt34:
0x00F1	0x301E      	MOVLW      30
0x00F2	0x00FC      	MOVWF      R12
0x00F3	0x3037      	MOVLW      55
0x00F4	0x00FD      	MOVWF      R13
L_interrupt35:
0x00F5	0x1283      	BCF        STATUS, 5
0x00F6	0x0BFD      	DECFSZ     R13, 1
0x00F7	0x28F5      	GOTO       L_interrupt35
0x00F8	0x0BFC      	DECFSZ     R12, 1
0x00F9	0x28F5      	GOTO       L_interrupt35
0x00FA	0x1408      	BSF        PORTD, 0
0x00FB	0x3004      	MOVLW      4
0x00FC	0x00FC      	MOVWF      R12
0x00FD	0x303D      	MOVLW      61
0x00FE	0x00FD      	MOVWF      R13
L_interrupt36:
0x00FF	0x0BFD      	DECFSZ     R13, 1
0x0100	0x28FF      	GOTO       L_interrupt36
0x0101	0x0BFC      	DECFSZ     R12, 1
0x0102	0x28FF      	GOTO       L_interrupt36
0x0103	0x0000      	NOP
0x0104	0x0000      	NOP
0x0105	0x295E      	GOTO       L_interrupt16
;dimmer.c,42 :: 		case 7:   delay_us(5250);PORTD.RD0=1;delay_us(500);break;
L_interrupt37:
0x0106	0x3023      	MOVLW      35
0x0107	0x00FC      	MOVWF      R12
0x0108	0x3015      	MOVLW      21
0x0109	0x00FD      	MOVWF      R13
L_interrupt38:
0x010A	0x1283      	BCF        STATUS, 5
0x010B	0x0BFD      	DECFSZ     R13, 1
0x010C	0x290A      	GOTO       L_interrupt38
0x010D	0x0BFC      	DECFSZ     R12, 1
0x010E	0x290A      	GOTO       L_interrupt38
0x010F	0x0000      	NOP
0x0110	0x0000      	NOP
0x0111	0x1408      	BSF        PORTD, 0
0x0112	0x3004      	MOVLW      4
0x0113	0x00FC      	MOVWF      R12
0x0114	0x303D      	MOVLW      61
0x0115	0x00FD      	MOVWF      R13
L_interrupt39:
0x0116	0x0BFD      	DECFSZ     R13, 1
0x0117	0x2916      	GOTO       L_interrupt39
0x0118	0x0BFC      	DECFSZ     R12, 1
0x0119	0x2916      	GOTO       L_interrupt39
0x011A	0x0000      	NOP
0x011B	0x0000      	NOP
0x011C	0x295E      	GOTO       L_interrupt16
;dimmer.c,43 :: 		}
L_interrupt15:
0x011D	0x3000      	MOVLW      0
0x011E	0x1683      	BSF        STATUS, 5
0x011F	0x0641      	XORWF      _a+1, 0
0x0120	0x1D03      	BTFSS      STATUS, 2
0x0121	0x2924      	GOTO       L__interrupt69
0x0122	0x3000      	MOVLW      0
0x0123	0x0640      	XORWF      _a, 0
L__interrupt69:
0x0124	0x1903      	BTFSC      STATUS, 2
0x0125	0x2876      	GOTO       L_interrupt17
0x0126	0x3000      	MOVLW      0
0x0127	0x0641      	XORWF      _a+1, 0
0x0128	0x1D03      	BTFSS      STATUS, 2
0x0129	0x292C      	GOTO       L__interrupt70
0x012A	0x3001      	MOVLW      1
0x012B	0x0640      	XORWF      _a, 0
L__interrupt70:
0x012C	0x1903      	BTFSC      STATUS, 2
0x012D	0x2881      	GOTO       L_interrupt19
0x012E	0x3000      	MOVLW      0
0x012F	0x0641      	XORWF      _a+1, 0
0x0130	0x1D03      	BTFSS      STATUS, 2
0x0131	0x2934      	GOTO       L__interrupt71
0x0132	0x3002      	MOVLW      2
0x0133	0x0640      	XORWF      _a, 0
L__interrupt71:
0x0134	0x1903      	BTFSC      STATUS, 2
0x0135	0x2898      	GOTO       L_interrupt22
0x0136	0x3000      	MOVLW      0
0x0137	0x0641      	XORWF      _a+1, 0
0x0138	0x1D03      	BTFSS      STATUS, 2
0x0139	0x293C      	GOTO       L__interrupt72
0x013A	0x3003      	MOVLW      3
0x013B	0x0640      	XORWF      _a, 0
L__interrupt72:
0x013C	0x1903      	BTFSC      STATUS, 2
0x013D	0x28AF      	GOTO       L_interrupt25
0x013E	0x3000      	MOVLW      0
0x013F	0x0641      	XORWF      _a+1, 0
0x0140	0x1D03      	BTFSS      STATUS, 2
0x0141	0x2944      	GOTO       L__interrupt73
0x0142	0x3004      	MOVLW      4
0x0143	0x0640      	XORWF      _a, 0
L__interrupt73:
0x0144	0x1903      	BTFSC      STATUS, 2
0x0145	0x28C4      	GOTO       L_interrupt28
0x0146	0x3000      	MOVLW      0
0x0147	0x0641      	XORWF      _a+1, 0
0x0148	0x1D03      	BTFSS      STATUS, 2
0x0149	0x294C      	GOTO       L__interrupt74
0x014A	0x3005      	MOVLW      5
0x014B	0x0640      	XORWF      _a, 0
L__interrupt74:
0x014C	0x1903      	BTFSC      STATUS, 2
0x014D	0x28DB      	GOTO       L_interrupt31
0x014E	0x3000      	MOVLW      0
0x014F	0x0641      	XORWF      _a+1, 0
0x0150	0x1D03      	BTFSS      STATUS, 2
0x0151	0x2954      	GOTO       L__interrupt75
0x0152	0x3006      	MOVLW      6
0x0153	0x0640      	XORWF      _a, 0
L__interrupt75:
0x0154	0x1903      	BTFSC      STATUS, 2
0x0155	0x28F1      	GOTO       L_interrupt34
0x0156	0x3000      	MOVLW      0
0x0157	0x0641      	XORWF      _a+1, 0
0x0158	0x1D03      	BTFSS      STATUS, 2
0x0159	0x295C      	GOTO       L__interrupt76
0x015A	0x3007      	MOVLW      7
0x015B	0x0640      	XORWF      _a, 0
L__interrupt76:
0x015C	0x1903      	BTFSC      STATUS, 2
0x015D	0x2906      	GOTO       L_interrupt37
L_interrupt16:
;dimmer.c,44 :: 		PORTD.RD0=0;
0x015E	0x1283      	BCF        STATUS, 5
0x015F	0x1008      	BCF        PORTD, 0
;dimmer.c,45 :: 		INTCON.INTF=0;
0x0160	0x108B      	BCF        INTCON, 1
;dimmer.c,46 :: 		}
L_interrupt0:
;dimmer.c,53 :: 		}
L__interrupt62:
0x0161	0x0822      	MOVF       34, 0
0x0162	0x00F0      	MOVWF      R0
0x0163	0x0821      	MOVF       33, 0
0x0164	0x00FC      	MOVWF      R12
0x0165	0x0820      	MOVF       32, 0
0x0166	0x00FD      	MOVWF      R13
0x0167	0x1683      	BSF        STATUS, 5
0x0168	0x0848      	MOVF       ___savePCLATH, 0
0x0169	0x008A      	MOVWF      PCLATH
0x016A	0x1283      	BCF        STATUS, 5
0x016B	0x0E6F      	SWAPF      ___saveSTATUS, 0
0x016C	0x0083      	MOVWF      STATUS
0x016D	0x0EFF      	SWAPF      R15, 1
0x016E	0x0E7F      	SWAPF      R15, 0
0x016F	0x0009      	RETFIE
; end of _interrupt
_Delay_50us:
;__Lib_Delays.c,19 :: 		void Delay_50us() {
;__Lib_Delays.c,20 :: 		Delay_us(50);
0x0170	0x3053      	MOVLW      83
0x0171	0x1283      	BCF        STATUS, 5
0x0172	0x1303      	BCF        STATUS, 6
0x0173	0x00FD      	MOVWF      R13
L_Delay_50us2:
0x0174	0x0BFD      	DECFSZ     R13, 1
0x0175	0x2974      	GOTO       L_Delay_50us2
;__Lib_Delays.c,21 :: 		}
0x0176	0x0008      	RETURN
; end of _Delay_50us
_Delay_5500us:
;__Lib_Delays.c,31 :: 		void Delay_5500us() {
;__Lib_Delays.c,32 :: 		Delay_us(5500);
0x0177	0x3024      	MOVLW      36
0x0178	0x1283      	BCF        STATUS, 5
0x0179	0x1303      	BCF        STATUS, 6
0x017A	0x00FC      	MOVWF      R12
0x017B	0x30B5      	MOVLW      181
0x017C	0x00FD      	MOVWF      R13
L_Delay_5500us5:
0x017D	0x0BFD      	DECFSZ     R13, 1
0x017E	0x297D      	GOTO       L_Delay_5500us5
0x017F	0x0BFC      	DECFSZ     R12, 1
0x0180	0x297D      	GOTO       L_Delay_5500us5
0x0181	0x0000      	NOP
0x0182	0x0000      	NOP
;__Lib_Delays.c,33 :: 		}
0x0183	0x0008      	RETURN
; end of _Delay_5500us
_Delay_1us:
;__Lib_Delays.c,7 :: 		void Delay_1us() {
;__Lib_Delays.c,8 :: 		Delay_us(1);
0x0184	0x0000      	NOP
0x0185	0x0000      	NOP
0x0186	0x0000      	NOP
0x0187	0x0000      	NOP
0x0188	0x0000      	NOP
;__Lib_Delays.c,9 :: 		}
0x0189	0x0008      	RETURN
; end of _Delay_1us
_Lcd_Cmd:
;__Lib_Lcd.c,18 :: 		
;__Lib_Lcd.c,20 :: 		
0x018A	0x1683      	BSF        STATUS, 5
0x018B	0x1303      	BCF        STATUS, 6
0x018C	0x1BCF      	BTFSC      FARG_Lcd_Cmd_out_char, 7
0x018D	0x2991      	GOTO       L__Lcd_Cmd20
0x018E	0x1283      	BCF        STATUS, 5
0x018F	0x1388      	BCF        LCD_D7, BitPos(LCD_D7+0)
0x0190	0x2993      	GOTO       L__Lcd_Cmd21
L__Lcd_Cmd20:
0x0191	0x1283      	BCF        STATUS, 5
0x0192	0x1788      	BSF        LCD_D7, BitPos(LCD_D7+0)
L__Lcd_Cmd21:
;__Lib_Lcd.c,21 :: 		
0x0193	0x1683      	BSF        STATUS, 5
0x0194	0x1B4F      	BTFSC      FARG_Lcd_Cmd_out_char, 6
0x0195	0x2999      	GOTO       L__Lcd_Cmd22
0x0196	0x1283      	BCF        STATUS, 5
0x0197	0x1308      	BCF        LCD_D6, BitPos(LCD_D6+0)
0x0198	0x299B      	GOTO       L__Lcd_Cmd23
L__Lcd_Cmd22:
0x0199	0x1283      	BCF        STATUS, 5
0x019A	0x1708      	BSF        LCD_D6, BitPos(LCD_D6+0)
L__Lcd_Cmd23:
;__Lib_Lcd.c,22 :: 		
0x019B	0x1683      	BSF        STATUS, 5
0x019C	0x1ACF      	BTFSC      FARG_Lcd_Cmd_out_char, 5
0x019D	0x29A1      	GOTO       L__Lcd_Cmd24
0x019E	0x1283      	BCF        STATUS, 5
0x019F	0x1288      	BCF        LCD_D5, BitPos(LCD_D5+0)
0x01A0	0x29A3      	GOTO       L__Lcd_Cmd25
L__Lcd_Cmd24:
0x01A1	0x1283      	BCF        STATUS, 5
0x01A2	0x1688      	BSF        LCD_D5, BitPos(LCD_D5+0)
L__Lcd_Cmd25:
;__Lib_Lcd.c,23 :: 		
0x01A3	0x1683      	BSF        STATUS, 5
0x01A4	0x1A4F      	BTFSC      FARG_Lcd_Cmd_out_char, 4
0x01A5	0x29A9      	GOTO       L__Lcd_Cmd26
0x01A6	0x1283      	BCF        STATUS, 5
0x01A7	0x1208      	BCF        LCD_D4, BitPos(LCD_D4+0)
0x01A8	0x29AB      	GOTO       L__Lcd_Cmd27
L__Lcd_Cmd26:
0x01A9	0x1283      	BCF        STATUS, 5
0x01AA	0x1608      	BSF        LCD_D4, BitPos(LCD_D4+0)
L__Lcd_Cmd27:
;__Lib_Lcd.c,25 :: 		
0x01AB	0x1683      	BSF        STATUS, 5
0x01AC	0x1849      	BTFSC      __Lib_Lcd_cmd_status, BitPos(__Lib_Lcd_cmd_status+0)
0x01AD	0x29B1      	GOTO       L__Lcd_Cmd28
0x01AE	0x1283      	BCF        STATUS, 5
0x01AF	0x1508      	BSF        LCD_RS, BitPos(LCD_RS+0)
0x01B0	0x29B3      	GOTO       L__Lcd_Cmd29
L__Lcd_Cmd28:
0x01B1	0x1283      	BCF        STATUS, 5
0x01B2	0x1108      	BCF        LCD_RS, BitPos(LCD_RS+0)
L__Lcd_Cmd29:
;__Lib_Lcd.c,28 :: 		
0x01B3	0x1588      	BSF        LCD_EN, BitPos(LCD_EN+0)
;__Lib_Lcd.c,29 :: 		
0x01B4	0x2184      	CALL       _Delay_1us
;__Lib_Lcd.c,30 :: 		
0x01B5	0x1188      	BCF        LCD_EN, BitPos(LCD_EN+0)
;__Lib_Lcd.c,33 :: 		
0x01B6	0x1683      	BSF        STATUS, 5
0x01B7	0x19CF      	BTFSC      FARG_Lcd_Cmd_out_char, 3
0x01B8	0x29BC      	GOTO       L__Lcd_Cmd30
0x01B9	0x1283      	BCF        STATUS, 5
0x01BA	0x1388      	BCF        LCD_D7, BitPos(LCD_D7+0)
0x01BB	0x29BE      	GOTO       L__Lcd_Cmd31
L__Lcd_Cmd30:
0x01BC	0x1283      	BCF        STATUS, 5
0x01BD	0x1788      	BSF        LCD_D7, BitPos(LCD_D7+0)
L__Lcd_Cmd31:
;__Lib_Lcd.c,34 :: 		
0x01BE	0x1683      	BSF        STATUS, 5
0x01BF	0x194F      	BTFSC      FARG_Lcd_Cmd_out_char, 2
0x01C0	0x29C4      	GOTO       L__Lcd_Cmd32
0x01C1	0x1283      	BCF        STATUS, 5
0x01C2	0x1308      	BCF        LCD_D6, BitPos(LCD_D6+0)
0x01C3	0x29C6      	GOTO       L__Lcd_Cmd33
L__Lcd_Cmd32:
0x01C4	0x1283      	BCF        STATUS, 5
0x01C5	0x1708      	BSF        LCD_D6, BitPos(LCD_D6+0)
L__Lcd_Cmd33:
;__Lib_Lcd.c,35 :: 		
0x01C6	0x1683      	BSF        STATUS, 5
0x01C7	0x18CF      	BTFSC      FARG_Lcd_Cmd_out_char, 1
0x01C8	0x29CC      	GOTO       L__Lcd_Cmd34
0x01C9	0x1283      	BCF        STATUS, 5
0x01CA	0x1288      	BCF        LCD_D5, BitPos(LCD_D5+0)
0x01CB	0x29CE      	GOTO       L__Lcd_Cmd35
L__Lcd_Cmd34:
0x01CC	0x1283      	BCF        STATUS, 5
0x01CD	0x1688      	BSF        LCD_D5, BitPos(LCD_D5+0)
L__Lcd_Cmd35:
;__Lib_Lcd.c,36 :: 		
0x01CE	0x1683      	BSF        STATUS, 5
0x01CF	0x184F      	BTFSC      FARG_Lcd_Cmd_out_char, 0
0x01D0	0x29D4      	GOTO       L__Lcd_Cmd36
0x01D1	0x1283      	BCF        STATUS, 5
0x01D2	0x1208      	BCF        LCD_D4, BitPos(LCD_D4+0)
0x01D3	0x29D6      	GOTO       L__Lcd_Cmd37
L__Lcd_Cmd36:
0x01D4	0x1283      	BCF        STATUS, 5
0x01D5	0x1608      	BSF        LCD_D4, BitPos(LCD_D4+0)
L__Lcd_Cmd37:
;__Lib_Lcd.c,38 :: 		
0x01D6	0x1683      	BSF        STATUS, 5
0x01D7	0x1849      	BTFSC      __Lib_Lcd_cmd_status, BitPos(__Lib_Lcd_cmd_status+0)
0x01D8	0x29DC      	GOTO       L__Lcd_Cmd38
0x01D9	0x1283      	BCF        STATUS, 5
0x01DA	0x1508      	BSF        LCD_RS, BitPos(LCD_RS+0)
0x01DB	0x29DE      	GOTO       L__Lcd_Cmd39
L__Lcd_Cmd38:
0x01DC	0x1283      	BCF        STATUS, 5
0x01DD	0x1108      	BCF        LCD_RS, BitPos(LCD_RS+0)
L__Lcd_Cmd39:
;__Lib_Lcd.c,40 :: 		
0x01DE	0x1588      	BSF        LCD_EN, BitPos(LCD_EN+0)
;__Lib_Lcd.c,41 :: 		
0x01DF	0x2184      	CALL       _Delay_1us
;__Lib_Lcd.c,42 :: 		
0x01E0	0x1188      	BCF        LCD_EN, BitPos(LCD_EN+0)
;__Lib_Lcd.c,44 :: 		
0x01E1	0x1683      	BSF        STATUS, 5
0x01E2	0x1C49      	BTFSS      __Lib_Lcd_cmd_status, BitPos(__Lib_Lcd_cmd_status+0)
0x01E3	0x29E6      	GOTO       L_Lcd_Cmd0
;__Lib_Lcd.c,45 :: 		
0x01E4	0x2177      	CALL       _Delay_5500us
0x01E5	0x29E7      	GOTO       L_Lcd_Cmd1
L_Lcd_Cmd0:
;__Lib_Lcd.c,47 :: 		
0x01E6	0x2170      	CALL       _Delay_50us
L_Lcd_Cmd1:
;__Lib_Lcd.c,48 :: 		
0x01E7	0x0008      	RETURN
; end of _Lcd_Cmd
_____DoICP:
;__Lib_System.c,6 :: 		
;__Lib_System.c,9 :: 		
0x01E8	0x1283      	BCF        STATUS, 5
0x01E9	0x1303      	BCF        STATUS, 6
0x01EA	0x086E      	MOVF       ___DoICPAddr+1, 0
0x01EB	0x008A      	MOVWF      PCLATH
;__Lib_System.c,10 :: 		
0x01EC	0x086D      	MOVF       ___DoICPAddr, 0
0x01ED	0x0082      	MOVWF      PCL
;__Lib_System.c,12 :: 		
0x01EE	0x0008      	RETURN
; end of _____DoICP
_Lcd_Chr_CP:
;__Lib_Lcd.c,50 :: 		
;__Lib_Lcd.c,52 :: 		
0x01EF	0x1683      	BSF        STATUS, 5
0x01F0	0x1303      	BCF        STATUS, 6
0x01F1	0x1049      	BCF        __Lib_Lcd_cmd_status, BitPos(__Lib_Lcd_cmd_status+0)
;__Lib_Lcd.c,53 :: 		
0x01F2	0x084E      	MOVF       FARG_Lcd_Chr_CP_out_char, 0
0x01F3	0x00CF      	MOVWF      FARG_Lcd_Cmd_out_char
0x01F4	0x218A      	CALL       _Lcd_Cmd
;__Lib_Lcd.c,54 :: 		
0x01F5	0x1683      	BSF        STATUS, 5
0x01F6	0x1449      	BSF        __Lib_Lcd_cmd_status, BitPos(__Lib_Lcd_cmd_status+0)
;__Lib_Lcd.c,55 :: 		
0x01F7	0x0008      	RETURN
; end of _Lcd_Chr_CP
_Lcd_Out:
;__Lib_Lcd.c,184 :: 		
;__Lib_Lcd.c,187 :: 		
0x01F8	0x2A0A      	GOTO       L_Lcd_Out11
;__Lib_Lcd.c,188 :: 		
L_Lcd_Out13:
0x01F9	0x3080      	MOVLW      128
0x01FA	0x1683      	BSF        STATUS, 5
0x01FB	0x1303      	BCF        STATUS, 6
0x01FC	0x00CA      	MOVWF      FARG_Lcd_Out_row
0x01FD	0x2A1D      	GOTO       L_Lcd_Out12
;__Lib_Lcd.c,189 :: 		
L_Lcd_Out14:
0x01FE	0x30C0      	MOVLW      192
0x01FF	0x00CA      	MOVWF      FARG_Lcd_Out_row
0x0200	0x2A1D      	GOTO       L_Lcd_Out12
;__Lib_Lcd.c,190 :: 		
L_Lcd_Out15:
0x0201	0x3094      	MOVLW      148
0x0202	0x00CA      	MOVWF      FARG_Lcd_Out_row
0x0203	0x2A1D      	GOTO       L_Lcd_Out12
;__Lib_Lcd.c,191 :: 		
L_Lcd_Out16:
0x0204	0x30D4      	MOVLW      212
0x0205	0x00CA      	MOVWF      FARG_Lcd_Out_row
0x0206	0x2A1D      	GOTO       L_Lcd_Out12
;__Lib_Lcd.c,192 :: 		
L_Lcd_Out17:
0x0207	0x3080      	MOVLW      128
0x0208	0x00CA      	MOVWF      FARG_Lcd_Out_row
;__Lib_Lcd.c,193 :: 		
0x0209	0x2A1D      	GOTO       L_Lcd_Out12
L_Lcd_Out11:
0x020A	0x1683      	BSF        STATUS, 5
0x020B	0x1303      	BCF        STATUS, 6
0x020C	0x084A      	MOVF       FARG_Lcd_Out_row, 0
0x020D	0x3A01      	XORLW      1
0x020E	0x1903      	BTFSC      STATUS, 2
0x020F	0x29F9      	GOTO       L_Lcd_Out13
0x0210	0x084A      	MOVF       FARG_Lcd_Out_row, 0
0x0211	0x3A02      	XORLW      2
0x0212	0x1903      	BTFSC      STATUS, 2
0x0213	0x29FE      	GOTO       L_Lcd_Out14
0x0214	0x084A      	MOVF       FARG_Lcd_Out_row, 0
0x0215	0x3A03      	XORLW      3
0x0216	0x1903      	BTFSC      STATUS, 2
0x0217	0x2A01      	GOTO       L_Lcd_Out15
0x0218	0x084A      	MOVF       FARG_Lcd_Out_row, 0
0x0219	0x3A04      	XORLW      4
0x021A	0x1903      	BTFSC      STATUS, 2
0x021B	0x2A04      	GOTO       L_Lcd_Out16
0x021C	0x2A07      	GOTO       L_Lcd_Out17
L_Lcd_Out12:
;__Lib_Lcd.c,194 :: 		
0x021D	0x034B      	DECF       FARG_Lcd_Out_column, 0
0x021E	0x00F0      	MOVWF      R0
0x021F	0x084A      	MOVF       FARG_Lcd_Out_row, 0
0x0220	0x07F0      	ADDWF      R0, 1
0x0221	0x0870      	MOVF       R0, 0
0x0222	0x00CA      	MOVWF      FARG_Lcd_Out_row
;__Lib_Lcd.c,196 :: 		
0x0223	0x0870      	MOVF       R0, 0
0x0224	0x00CF      	MOVWF      FARG_Lcd_Cmd_out_char
0x0225	0x218A      	CALL       _Lcd_Cmd
;__Lib_Lcd.c,197 :: 		
0x0226	0x1683      	BSF        STATUS, 5
0x0227	0x1049      	BCF        __Lib_Lcd_cmd_status, BitPos(__Lib_Lcd_cmd_status+0)
;__Lib_Lcd.c,198 :: 		
0x0228	0x01CD      	CLRF       Lcd_Out_i_L0
;__Lib_Lcd.c,199 :: 		
L_Lcd_Out18:
0x0229	0x084D      	MOVF       Lcd_Out_i_L0, 0
0x022A	0x074C      	ADDWF      FARG_Lcd_Out_text, 0
0x022B	0x0084      	MOVWF      FSR
0x022C	0x0800      	MOVF       INDF, 0
0x022D	0x1903      	BTFSC      STATUS, 2
0x022E	0x2A37      	GOTO       L_Lcd_Out19
;__Lib_Lcd.c,200 :: 		
0x022F	0x084D      	MOVF       Lcd_Out_i_L0, 0
0x0230	0x074C      	ADDWF      FARG_Lcd_Out_text, 0
0x0231	0x0084      	MOVWF      FSR
0x0232	0x0800      	MOVF       INDF, 0
0x0233	0x00CE      	MOVWF      FARG_Lcd_Chr_CP_out_char
0x0234	0x21EF      	CALL       _Lcd_Chr_CP
0x0235	0x0ACD      	INCF       Lcd_Out_i_L0, 1
0x0236	0x2A29      	GOTO       L_Lcd_Out18
L_Lcd_Out19:
;__Lib_Lcd.c,201 :: 		
0x0237	0x1449      	BSF        __Lib_Lcd_cmd_status, BitPos(__Lib_Lcd_cmd_status+0)
;__Lib_Lcd.c,202 :: 		
0x0238	0x0008      	RETURN
; end of _Lcd_Out
_INTERRUPCIONES_init:
;dimmer.c,17 :: 		void INTERRUPCIONES_init()
;dimmer.c,19 :: 		INTCON.GIE=1;
0x0239	0x178B      	BSF        INTCON, 7
;dimmer.c,20 :: 		INTCON.INTE=1;
0x023A	0x160B      	BSF        INTCON, 4
;dimmer.c,21 :: 		OPTION_REG.INTEDG=1;
0x023B	0x1683      	BSF        STATUS, 5
0x023C	0x1303      	BCF        STATUS, 6
0x023D	0x1701      	BSF        OPTION_REG, 6
;dimmer.c,23 :: 		PORTB.RB0=0;
0x023E	0x1283      	BCF        STATUS, 5
0x023F	0x1006      	BCF        PORTB, 0
;dimmer.c,24 :: 		}
0x0240	0x0008      	RETURN
; end of _INTERRUPCIONES_init
___CC2DW:
;__Lib_System.c,24 :: 		
;__Lib_System.c,27 :: 		
_CC2D_Loop1:
;__Lib_System.c,29 :: 		
0x0241	0x21E8      	CALL       _____DoICP
0x0242	0x118A      	BCF        PCLATH, 3
0x0243	0x120A      	BCF        PCLATH, 4
;__Lib_System.c,31 :: 		
0x0244	0x0080      	MOVWF      INDF
;__Lib_System.c,32 :: 		
0x0245	0x0A84      	INCF       FSR, 1
;__Lib_System.c,33 :: 		
0x0246	0x0AED      	INCF       ___DoICPAddr, 1
;__Lib_System.c,35 :: 		
0x0247	0x1903      	BTFSC      STATUS, 2
;__Lib_System.c,36 :: 		
0x0248	0x0AEE      	INCF       ___DoICPAddr+1, 1
;__Lib_System.c,37 :: 		
0x0249	0x03F0      	DECF       R0, 1
;__Lib_System.c,39 :: 		
0x024A	0x1D03      	BTFSS      STATUS, 2
;__Lib_System.c,40 :: 		
0x024B	0x2A41      	GOTO       _CC2D_Loop1
;__Lib_System.c,42 :: 		
0x024C	0x0008      	RETURN
; end of ___CC2DW
_Lcd_Init:
;__Lib_Lcd.c,84 :: 		
;__Lib_Lcd.c,86 :: 		
0x024D	0x1683      	BSF        STATUS, 5
0x024E	0x1303      	BCF        STATUS, 6
0x024F	0x1188      	BCF        LCD_EN_Direction, BitPos(LCD_EN_Direction+0)
;__Lib_Lcd.c,87 :: 		
0x0250	0x1108      	BCF        LCD_RS_Direction, BitPos(LCD_RS_Direction+0)
;__Lib_Lcd.c,88 :: 		
0x0251	0x1208      	BCF        LCD_D4_Direction, BitPos(LCD_D4_Direction+0)
;__Lib_Lcd.c,89 :: 		
0x0252	0x1288      	BCF        LCD_D5_Direction, BitPos(LCD_D5_Direction+0)
;__Lib_Lcd.c,90 :: 		
0x0253	0x1308      	BCF        LCD_D6_Direction, BitPos(LCD_D6_Direction+0)
;__Lib_Lcd.c,91 :: 		
0x0254	0x1388      	BCF        LCD_D7_Direction, BitPos(LCD_D7_Direction+0)
;__Lib_Lcd.c,93 :: 		
0x0255	0x1283      	BCF        STATUS, 5
0x0256	0x1188      	BCF        LCD_EN, BitPos(LCD_EN+0)
;__Lib_Lcd.c,94 :: 		
0x0257	0x1108      	BCF        LCD_RS, BitPos(LCD_RS+0)
;__Lib_Lcd.c,95 :: 		
0x0258	0x1388      	BCF        LCD_D7, BitPos(LCD_D7+0)
;__Lib_Lcd.c,96 :: 		
0x0259	0x1308      	BCF        LCD_D6, BitPos(LCD_D6+0)
;__Lib_Lcd.c,97 :: 		
0x025A	0x1288      	BCF        LCD_D5, BitPos(LCD_D5+0)
;__Lib_Lcd.c,98 :: 		
0x025B	0x1208      	BCF        LCD_D4, BitPos(LCD_D4+0)
;__Lib_Lcd.c,100 :: 		
0x025C	0x2177      	CALL       _Delay_5500us
;__Lib_Lcd.c,101 :: 		
0x025D	0x2177      	CALL       _Delay_5500us
;__Lib_Lcd.c,102 :: 		
0x025E	0x2177      	CALL       _Delay_5500us
;__Lib_Lcd.c,105 :: 		
0x025F	0x1688      	BSF        LCD_D5, BitPos(LCD_D5+0)
;__Lib_Lcd.c,106 :: 		
0x0260	0x1608      	BSF        LCD_D4, BitPos(LCD_D4+0)
;__Lib_Lcd.c,107 :: 		
0x0261	0x1588      	BSF        LCD_EN, BitPos(LCD_EN+0)
;__Lib_Lcd.c,108 :: 		
0x0262	0x2184      	CALL       _Delay_1us
;__Lib_Lcd.c,109 :: 		
0x0263	0x1188      	BCF        LCD_EN, BitPos(LCD_EN+0)
;__Lib_Lcd.c,110 :: 		
0x0264	0x2177      	CALL       _Delay_5500us
;__Lib_Lcd.c,112 :: 		
0x0265	0x1588      	BSF        LCD_EN, BitPos(LCD_EN+0)
;__Lib_Lcd.c,113 :: 		
0x0266	0x2184      	CALL       _Delay_1us
;__Lib_Lcd.c,114 :: 		
0x0267	0x1188      	BCF        LCD_EN, BitPos(LCD_EN+0)
;__Lib_Lcd.c,115 :: 		
0x0268	0x2177      	CALL       _Delay_5500us
;__Lib_Lcd.c,117 :: 		
0x0269	0x1588      	BSF        LCD_EN, BitPos(LCD_EN+0)
;__Lib_Lcd.c,118 :: 		
0x026A	0x2184      	CALL       _Delay_1us
;__Lib_Lcd.c,119 :: 		
0x026B	0x1188      	BCF        LCD_EN, BitPos(LCD_EN+0)
;__Lib_Lcd.c,120 :: 		
0x026C	0x2177      	CALL       _Delay_5500us
;__Lib_Lcd.c,123 :: 		
0x026D	0x1208      	BCF        LCD_D4, BitPos(LCD_D4+0)
;__Lib_Lcd.c,124 :: 		
0x026E	0x1588      	BSF        LCD_EN, BitPos(LCD_EN+0)
;__Lib_Lcd.c,125 :: 		
0x026F	0x2184      	CALL       _Delay_1us
;__Lib_Lcd.c,126 :: 		
0x0270	0x1188      	BCF        LCD_EN, BitPos(LCD_EN+0)
;__Lib_Lcd.c,127 :: 		
0x0271	0x2177      	CALL       _Delay_5500us
;__Lib_Lcd.c,130 :: 		
0x0272	0x1588      	BSF        LCD_EN, BitPos(LCD_EN+0)
;__Lib_Lcd.c,131 :: 		
0x0273	0x2184      	CALL       _Delay_1us
;__Lib_Lcd.c,132 :: 		
0x0274	0x1188      	BCF        LCD_EN, BitPos(LCD_EN+0)
;__Lib_Lcd.c,134 :: 		
0x0275	0x1288      	BCF        LCD_D5, BitPos(LCD_D5+0)
;__Lib_Lcd.c,135 :: 		
0x0276	0x1788      	BSF        LCD_D7, BitPos(LCD_D7+0)
;__Lib_Lcd.c,136 :: 		
0x0277	0x1588      	BSF        LCD_EN, BitPos(LCD_EN+0)
;__Lib_Lcd.c,137 :: 		
0x0278	0x2184      	CALL       _Delay_1us
;__Lib_Lcd.c,138 :: 		
0x0279	0x1188      	BCF        LCD_EN, BitPos(LCD_EN+0)
;__Lib_Lcd.c,139 :: 		
0x027A	0x2177      	CALL       _Delay_5500us
;__Lib_Lcd.c,142 :: 		
0x027B	0x1388      	BCF        LCD_D7, BitPos(LCD_D7+0)
;__Lib_Lcd.c,143 :: 		
0x027C	0x1608      	BSF        LCD_D4, BitPos(LCD_D4+0)
;__Lib_Lcd.c,144 :: 		
0x027D	0x1588      	BSF        LCD_EN, BitPos(LCD_EN+0)
;__Lib_Lcd.c,145 :: 		
0x027E	0x2184      	CALL       _Delay_1us
;__Lib_Lcd.c,146 :: 		
0x027F	0x1188      	BCF        LCD_EN, BitPos(LCD_EN+0)
;__Lib_Lcd.c,148 :: 		
0x0280	0x1208      	BCF        LCD_D4, BitPos(LCD_D4+0)
;__Lib_Lcd.c,149 :: 		
0x0281	0x1588      	BSF        LCD_EN, BitPos(LCD_EN+0)
;__Lib_Lcd.c,150 :: 		
0x0282	0x2184      	CALL       _Delay_1us
;__Lib_Lcd.c,151 :: 		
0x0283	0x1188      	BCF        LCD_EN, BitPos(LCD_EN+0)
;__Lib_Lcd.c,152 :: 		
0x0284	0x2177      	CALL       _Delay_5500us
;__Lib_Lcd.c,155 :: 		
0x0285	0x1588      	BSF        LCD_EN, BitPos(LCD_EN+0)
;__Lib_Lcd.c,156 :: 		
0x0286	0x2184      	CALL       _Delay_1us
;__Lib_Lcd.c,157 :: 		
0x0287	0x1188      	BCF        LCD_EN, BitPos(LCD_EN+0)
;__Lib_Lcd.c,159 :: 		
0x0288	0x1608      	BSF        LCD_D4, BitPos(LCD_D4+0)
;__Lib_Lcd.c,160 :: 		
0x0289	0x1588      	BSF        LCD_EN, BitPos(LCD_EN+0)
;__Lib_Lcd.c,161 :: 		
0x028A	0x2184      	CALL       _Delay_1us
;__Lib_Lcd.c,162 :: 		
0x028B	0x1188      	BCF        LCD_EN, BitPos(LCD_EN+0)
;__Lib_Lcd.c,163 :: 		
0x028C	0x2177      	CALL       _Delay_5500us
;__Lib_Lcd.c,166 :: 		
0x028D	0x1208      	BCF        LCD_D4, BitPos(LCD_D4+0)
;__Lib_Lcd.c,167 :: 		
0x028E	0x1588      	BSF        LCD_EN, BitPos(LCD_EN+0)
;__Lib_Lcd.c,168 :: 		
0x028F	0x2184      	CALL       _Delay_1us
;__Lib_Lcd.c,169 :: 		
0x0290	0x1188      	BCF        LCD_EN, BitPos(LCD_EN+0)
;__Lib_Lcd.c,171 :: 		
0x0291	0x1788      	BSF        LCD_D7, BitPos(LCD_D7+0)
;__Lib_Lcd.c,172 :: 		
0x0292	0x1708      	BSF        LCD_D6, BitPos(LCD_D6+0)
;__Lib_Lcd.c,173 :: 		
0x0293	0x1688      	BSF        LCD_D5, BitPos(LCD_D5+0)
;__Lib_Lcd.c,174 :: 		
0x0294	0x1608      	BSF        LCD_D4, BitPos(LCD_D4+0)
;__Lib_Lcd.c,175 :: 		
0x0295	0x1588      	BSF        LCD_EN, BitPos(LCD_EN+0)
;__Lib_Lcd.c,176 :: 		
0x0296	0x2184      	CALL       _Delay_1us
;__Lib_Lcd.c,177 :: 		
0x0297	0x1188      	BCF        LCD_EN, BitPos(LCD_EN+0)
;__Lib_Lcd.c,179 :: 		
0x0298	0x2177      	CALL       _Delay_5500us
;__Lib_Lcd.c,181 :: 		
0x0299	0x1683      	BSF        STATUS, 5
0x029A	0x1449      	BSF        __Lib_Lcd_cmd_status, BitPos(__Lib_Lcd_cmd_status+0)
;__Lib_Lcd.c,182 :: 		
0x029B	0x0008      	RETURN
; end of _Lcd_Init
_main:
0x029C	0x240E      	CALL       1038
;dimmer.c,55 :: 		void main( void )
;dimmer.c,58 :: 		Lcd_Init();
0x029D	0x224D      	CALL       _Lcd_Init
;dimmer.c,59 :: 		TRISD=0X00;
0x029E	0x0188      	CLRF       TRISD
;dimmer.c,60 :: 		TRISB=0xFF;
0x029F	0x30FF      	MOVLW      255
0x02A0	0x0086      	MOVWF      TRISB
;dimmer.c,61 :: 		PORTD.RD0=0;
0x02A1	0x1283      	BCF        STATUS, 5
0x02A2	0x1008      	BCF        PORTD, 0
;dimmer.c,62 :: 		INTERRUPCIONES_init();
0x02A3	0x2239      	CALL       _INTERRUPCIONES_init
;dimmer.c,63 :: 		Lcd_Cmd(_LCD_CURSOR_OFF);
0x02A4	0x300C      	MOVLW      12
0x02A5	0x1683      	BSF        STATUS, 5
0x02A6	0x00CF      	MOVWF      FARG_Lcd_Cmd_out_char
0x02A7	0x218A      	CALL       _Lcd_Cmd
;dimmer.c,64 :: 		Delay_ms(10);
0x02A8	0x3041      	MOVLW      65
0x02A9	0x00FC      	MOVWF      R12
0x02AA	0x30EE      	MOVLW      238
0x02AB	0x00FD      	MOVWF      R13
L_main40:
0x02AC	0x0BFD      	DECFSZ     R13, 1
0x02AD	0x2AAC      	GOTO       L_main40
0x02AE	0x0BFC      	DECFSZ     R12, 1
0x02AF	0x2AAC      	GOTO       L_main40
0x02B0	0x0000      	NOP
;dimmer.c,65 :: 		Lcd_out(1,1,"ANGULO:");
0x02B1	0x3001      	MOVLW      1
0x02B2	0x1683      	BSF        STATUS, 5
0x02B3	0x00CA      	MOVWF      FARG_Lcd_Out_row
0x02B4	0x3001      	MOVLW      1
0x02B5	0x00CB      	MOVWF      FARG_Lcd_Out_column
0x02B6	0x30A0      	MOVLW      ?lstr1_dimmer
0x02B7	0x00CC      	MOVWF      FARG_Lcd_Out_text
0x02B8	0x21F8      	CALL       _Lcd_Out
;dimmer.c,66 :: 		Lcd_out(2,1,"TIEMPO:");
0x02B9	0x3002      	MOVLW      2
0x02BA	0x00CA      	MOVWF      FARG_Lcd_Out_row
0x02BB	0x3001      	MOVLW      1
0x02BC	0x00CB      	MOVWF      FARG_Lcd_Out_column
0x02BD	0x3065      	MOVLW      ?lstr2_dimmer
0x02BE	0x00CC      	MOVWF      FARG_Lcd_Out_text
0x02BF	0x21F8      	CALL       _Lcd_Out
;dimmer.c,67 :: 		a=0;
0x02C0	0x01C0      	CLRF       _a
0x02C1	0x01C1      	CLRF       _a+1
;dimmer.c,68 :: 		while(1){
L_main41:
;dimmer.c,69 :: 		if(PORTB.RB4==0){f1=1;}
0x02C2	0x1283      	BCF        STATUS, 5
0x02C3	0x1A06      	BTFSC      PORTB, 4
0x02C4	0x2ACA      	GOTO       L_main43
0x02C5	0x3001      	MOVLW      1
0x02C6	0x1683      	BSF        STATUS, 5
0x02C7	0x00C6      	MOVWF      _f1
0x02C8	0x3000      	MOVLW      0
0x02C9	0x00C7      	MOVWF      _f1+1
L_main43:
;dimmer.c,70 :: 		if(PORTB.RB5==1){f2=0;}
0x02CA	0x1283      	BCF        STATUS, 5
0x02CB	0x1E86      	BTFSS      PORTB, 5
0x02CC	0x2AD0      	GOTO       L_main44
0x02CD	0x1683      	BSF        STATUS, 5
0x02CE	0x01C4      	CLRF       _f2
0x02CF	0x01C5      	CLRF       _f2+1
L_main44:
;dimmer.c,71 :: 		if(PORTB.RB6==0){f3=1;}
0x02D0	0x1283      	BCF        STATUS, 5
0x02D1	0x1B06      	BTFSC      PORTB, 6
0x02D2	0x2AD8      	GOTO       L_main45
0x02D3	0x3001      	MOVLW      1
0x02D4	0x1683      	BSF        STATUS, 5
0x02D5	0x00C2      	MOVWF      _f3
0x02D6	0x3000      	MOVLW      0
0x02D7	0x00C3      	MOVWF      _f3+1
L_main45:
;dimmer.c,72 :: 		if(PORTB.RB7==0){f4=1;}
0x02D8	0x1283      	BCF        STATUS, 5
0x02D9	0x1B86      	BTFSC      PORTB, 7
0x02DA	0x2AE0      	GOTO       L_main46
0x02DB	0x3001      	MOVLW      1
0x02DC	0x1683      	BSF        STATUS, 5
0x02DD	0x00BE      	MOVWF      _f4
0x02DE	0x3000      	MOVLW      0
0x02DF	0x00BF      	MOVWF      _f4+1
L_main46:
;dimmer.c,76 :: 		switch(a){
0x02E0	0x2B5A      	GOTO       L_main47
;dimmer.c,77 :: 		case 0:  {Lcd_out(1,9,"  0.0");Lcd_out(2,11,"0 ms");}break;
L_main49:
0x02E1	0x1683      	BSF        STATUS, 5
0x02E2	0x3001      	MOVLW      1
0x02E3	0x00CA      	MOVWF      FARG_Lcd_Out_row
0x02E4	0x3009      	MOVLW      9
0x02E5	0x00CB      	MOVWF      FARG_Lcd_Out_column
0x02E6	0x304F      	MOVLW      ?lstr3_dimmer
0x02E7	0x00CC      	MOVWF      FARG_Lcd_Out_text
0x02E8	0x21F8      	CALL       _Lcd_Out
0x02E9	0x3002      	MOVLW      2
0x02EA	0x00CA      	MOVWF      FARG_Lcd_Out_row
0x02EB	0x300B      	MOVLW      11
0x02EC	0x00CB      	MOVWF      FARG_Lcd_Out_column
0x02ED	0x304A      	MOVLW      ?lstr4_dimmer
0x02EE	0x00CC      	MOVWF      FARG_Lcd_Out_text
0x02EF	0x21F8      	CALL       _Lcd_Out
0x02F0	0x2B9B      	GOTO       L_main48
;dimmer.c,78 :: 		case 1:  {Lcd_out(1,9," 21.6");Lcd_out(2,11,"1 ms");}break;
L_main50:
0x02F1	0x3001      	MOVLW      1
0x02F2	0x00CA      	MOVWF      FARG_Lcd_Out_row
0x02F3	0x3009      	MOVLW      9
0x02F4	0x00CB      	MOVWF      FARG_Lcd_Out_column
0x02F5	0x3044      	MOVLW      ?lstr5_dimmer
0x02F6	0x00CC      	MOVWF      FARG_Lcd_Out_text
0x02F7	0x21F8      	CALL       _Lcd_Out
0x02F8	0x3002      	MOVLW      2
0x02F9	0x00CA      	MOVWF      FARG_Lcd_Out_row
0x02FA	0x300B      	MOVLW      11
0x02FB	0x00CB      	MOVWF      FARG_Lcd_Out_column
0x02FC	0x3060      	MOVLW      ?lstr6_dimmer
0x02FD	0x00CC      	MOVWF      FARG_Lcd_Out_text
0x02FE	0x21F8      	CALL       _Lcd_Out
0x02FF	0x2B9B      	GOTO       L_main48
;dimmer.c,79 :: 		case 2:  {Lcd_out(1,9," 43.2");Lcd_out(2,11,"2 ms");}break;
L_main51:
0x0300	0x3001      	MOVLW      1
0x0301	0x00CA      	MOVWF      FARG_Lcd_Out_row
0x0302	0x3009      	MOVLW      9
0x0303	0x00CB      	MOVWF      FARG_Lcd_Out_column
0x0304	0x305A      	MOVLW      ?lstr7_dimmer
0x0305	0x00CC      	MOVWF      FARG_Lcd_Out_text
0x0306	0x21F8      	CALL       _Lcd_Out
0x0307	0x3002      	MOVLW      2
0x0308	0x00CA      	MOVWF      FARG_Lcd_Out_row
0x0309	0x300B      	MOVLW      11
0x030A	0x00CB      	MOVWF      FARG_Lcd_Out_column
0x030B	0x3055      	MOVLW      ?lstr8_dimmer
0x030C	0x00CC      	MOVWF      FARG_Lcd_Out_text
0x030D	0x21F8      	CALL       _Lcd_Out
0x030E	0x2B9B      	GOTO       L_main48
;dimmer.c,80 :: 		case 3:  {Lcd_out(1,9," 64.8");Lcd_out(2,11,"3 ms");}break;
L_main52:
0x030F	0x3001      	MOVLW      1
0x0310	0x00CA      	MOVWF      FARG_Lcd_Out_row
0x0311	0x3009      	MOVLW      9
0x0312	0x00CB      	MOVWF      FARG_Lcd_Out_column
0x0313	0x3033      	MOVLW      ?lstr9_dimmer
0x0314	0x00CC      	MOVWF      FARG_Lcd_Out_text
0x0315	0x21F8      	CALL       _Lcd_Out
0x0316	0x3002      	MOVLW      2
0x0317	0x00CA      	MOVWF      FARG_Lcd_Out_row
0x0318	0x300B      	MOVLW      11
0x0319	0x00CB      	MOVWF      FARG_Lcd_Out_column
0x031A	0x3023      	MOVLW      ?lstr10_dimmer
0x031B	0x00CC      	MOVWF      FARG_Lcd_Out_text
0x031C	0x21F8      	CALL       _Lcd_Out
0x031D	0x2B9B      	GOTO       L_main48
;dimmer.c,81 :: 		case 4:  {Lcd_out(1,9," 86.4");Lcd_out(2,11,"4 ms");}break;
L_main53:
0x031E	0x3001      	MOVLW      1
0x031F	0x00CA      	MOVWF      FARG_Lcd_Out_row
0x0320	0x3009      	MOVLW      9
0x0321	0x00CB      	MOVWF      FARG_Lcd_Out_column
0x0322	0x3028      	MOVLW      ?lstr11_dimmer
0x0323	0x00CC      	MOVWF      FARG_Lcd_Out_text
0x0324	0x21F8      	CALL       _Lcd_Out
0x0325	0x3002      	MOVLW      2
0x0326	0x00CA      	MOVWF      FARG_Lcd_Out_row
0x0327	0x300B      	MOVLW      11
0x0328	0x00CB      	MOVWF      FARG_Lcd_Out_column
0x0329	0x302E      	MOVLW      ?lstr12_dimmer
0x032A	0x00CC      	MOVWF      FARG_Lcd_Out_text
0x032B	0x21F8      	CALL       _Lcd_Out
0x032C	0x2B9B      	GOTO       L_main48
;dimmer.c,82 :: 		case 5:  {Lcd_out(1,9,"108.0");Lcd_out(2,11,"5 ms");}break;
L_main54:
0x032D	0x3001      	MOVLW      1
0x032E	0x00CA      	MOVWF      FARG_Lcd_Out_row
0x032F	0x3009      	MOVLW      9
0x0330	0x00CB      	MOVWF      FARG_Lcd_Out_column
0x0331	0x3039      	MOVLW      ?lstr13_dimmer
0x0332	0x00CC      	MOVWF      FARG_Lcd_Out_text
0x0333	0x21F8      	CALL       _Lcd_Out
0x0334	0x3002      	MOVLW      2
0x0335	0x00CA      	MOVWF      FARG_Lcd_Out_row
0x0336	0x300B      	MOVLW      11
0x0337	0x00CB      	MOVWF      FARG_Lcd_Out_column
0x0338	0x303F      	MOVLW      ?lstr14_dimmer
0x0339	0x00CC      	MOVWF      FARG_Lcd_Out_text
0x033A	0x21F8      	CALL       _Lcd_Out
0x033B	0x2B9B      	GOTO       L_main48
;dimmer.c,83 :: 		case 6:  {Lcd_out(1,9,"129.6");Lcd_out(2,11,"6 ms");}break;
L_main55:
0x033C	0x3001      	MOVLW      1
0x033D	0x00CA      	MOVWF      FARG_Lcd_Out_row
0x033E	0x3009      	MOVLW      9
0x033F	0x00CB      	MOVWF      FARG_Lcd_Out_column
0x0340	0x30A8      	MOVLW      ?lstr15_dimmer
0x0341	0x00CC      	MOVWF      FARG_Lcd_Out_text
0x0342	0x21F8      	CALL       _Lcd_Out
0x0343	0x3002      	MOVLW      2
0x0344	0x00CA      	MOVWF      FARG_Lcd_Out_row
0x0345	0x300B      	MOVLW      11
0x0346	0x00CB      	MOVWF      FARG_Lcd_Out_column
0x0347	0x30B3      	MOVLW      ?lstr16_dimmer
0x0348	0x00CC      	MOVWF      FARG_Lcd_Out_text
0x0349	0x21F8      	CALL       _Lcd_Out
0x034A	0x2B9B      	GOTO       L_main48
;dimmer.c,84 :: 		case 7:  {Lcd_out(1,9,"151.2");Lcd_out(2,11,"7 ms");}break;
L_main56:
0x034B	0x3001      	MOVLW      1
0x034C	0x00CA      	MOVWF      FARG_Lcd_Out_row
0x034D	0x3009      	MOVLW      9
0x034E	0x00CB      	MOVWF      FARG_Lcd_Out_column
0x034F	0x30B8      	MOVLW      ?lstr17_dimmer
0x0350	0x00CC      	MOVWF      FARG_Lcd_Out_text
0x0351	0x21F8      	CALL       _Lcd_Out
0x0352	0x3002      	MOVLW      2
0x0353	0x00CA      	MOVWF      FARG_Lcd_Out_row
0x0354	0x300B      	MOVLW      11
0x0355	0x00CB      	MOVWF      FARG_Lcd_Out_column
0x0356	0x30AE      	MOVLW      ?lstr18_dimmer
0x0357	0x00CC      	MOVWF      FARG_Lcd_Out_text
0x0358	0x21F8      	CALL       _Lcd_Out
0x0359	0x2B9B      	GOTO       L_main48
;dimmer.c,85 :: 		}
L_main47:
0x035A	0x1683      	BSF        STATUS, 5
0x035B	0x3000      	MOVLW      0
0x035C	0x0641      	XORWF      _a+1, 0
0x035D	0x1D03      	BTFSS      STATUS, 2
0x035E	0x2B61      	GOTO       L__main77
0x035F	0x3000      	MOVLW      0
0x0360	0x0640      	XORWF      _a, 0
L__main77:
0x0361	0x1903      	BTFSC      STATUS, 2
0x0362	0x2AE1      	GOTO       L_main49
0x0363	0x3000      	MOVLW      0
0x0364	0x0641      	XORWF      _a+1, 0
0x0365	0x1D03      	BTFSS      STATUS, 2
0x0366	0x2B69      	GOTO       L__main78
0x0367	0x3001      	MOVLW      1
0x0368	0x0640      	XORWF      _a, 0
L__main78:
0x0369	0x1903      	BTFSC      STATUS, 2
0x036A	0x2AF1      	GOTO       L_main50
0x036B	0x3000      	MOVLW      0
0x036C	0x0641      	XORWF      _a+1, 0
0x036D	0x1D03      	BTFSS      STATUS, 2
0x036E	0x2B71      	GOTO       L__main79
0x036F	0x3002      	MOVLW      2
0x0370	0x0640      	XORWF      _a, 0
L__main79:
0x0371	0x1903      	BTFSC      STATUS, 2
0x0372	0x2B00      	GOTO       L_main51
0x0373	0x3000      	MOVLW      0
0x0374	0x0641      	XORWF      _a+1, 0
0x0375	0x1D03      	BTFSS      STATUS, 2
0x0376	0x2B79      	GOTO       L__main80
0x0377	0x3003      	MOVLW      3
0x0378	0x0640      	XORWF      _a, 0
L__main80:
0x0379	0x1903      	BTFSC      STATUS, 2
0x037A	0x2B0F      	GOTO       L_main52
0x037B	0x3000      	MOVLW      0
0x037C	0x0641      	XORWF      _a+1, 0
0x037D	0x1D03      	BTFSS      STATUS, 2
0x037E	0x2B81      	GOTO       L__main81
0x037F	0x3004      	MOVLW      4
0x0380	0x0640      	XORWF      _a, 0
L__main81:
0x0381	0x1903      	BTFSC      STATUS, 2
0x0382	0x2B1E      	GOTO       L_main53
0x0383	0x3000      	MOVLW      0
0x0384	0x0641      	XORWF      _a+1, 0
0x0385	0x1D03      	BTFSS      STATUS, 2
0x0386	0x2B89      	GOTO       L__main82
0x0387	0x3005      	MOVLW      5
0x0388	0x0640      	XORWF      _a, 0
L__main82:
0x0389	0x1903      	BTFSC      STATUS, 2
0x038A	0x2B2D      	GOTO       L_main54
0x038B	0x3000      	MOVLW      0
0x038C	0x0641      	XORWF      _a+1, 0
0x038D	0x1D03      	BTFSS      STATUS, 2
0x038E	0x2B91      	GOTO       L__main83
0x038F	0x3006      	MOVLW      6
0x0390	0x0640      	XORWF      _a, 0
L__main83:
0x0391	0x1903      	BTFSC      STATUS, 2
0x0392	0x2B3C      	GOTO       L_main55
0x0393	0x3000      	MOVLW      0
0x0394	0x0641      	XORWF      _a+1, 0
0x0395	0x1D03      	BTFSS      STATUS, 2
0x0396	0x2B99      	GOTO       L__main84
0x0397	0x3007      	MOVLW      7
0x0398	0x0640      	XORWF      _a, 0
L__main84:
0x0399	0x1903      	BTFSC      STATUS, 2
0x039A	0x2B4B      	GOTO       L_main56
L_main48:
;dimmer.c,86 :: 		Delay_us(50);
0x039B	0x3053      	MOVLW      83
0x039C	0x00FD      	MOVWF      R13
L_main57:
0x039D	0x0BFD      	DECFSZ     R13, 1
0x039E	0x2B9D      	GOTO       L_main57
;dimmer.c,87 :: 		}
0x039F	0x2AC2      	GOTO       L_main41
;dimmer.c,88 :: 		}
0x03A0	0x2BA0      	GOTO       $+0
; end of _main
0x040E	0x3023      	MOVLW      35
0x040F	0x0084      	MOVWF      FSR
0x0410	0x304A      	MOVLW      74
0x0411	0x1283      	BCF        STATUS, 5
0x0412	0x1303      	BCF        STATUS, 6
0x0413	0x00F0      	MOVWF      R0
0x0414	0x30A6      	MOVLW      166
0x0415	0x00ED      	MOVWF      ___DoICPAddr
0x0416	0x3003      	MOVLW      3
0x0417	0x00EE      	MOVWF      110
0x0418	0x2241      	CALL       577
0x0419	0x30A0      	MOVLW      160
0x041A	0x0084      	MOVWF      FSR
0x041B	0x301E      	MOVLW      30
0x041C	0x1283      	BCF        STATUS, 5
0x041D	0x00F0      	MOVWF      R0
0x041E	0x30F0      	MOVLW      240
0x041F	0x00ED      	MOVWF      ___DoICPAddr
0x0420	0x3003      	MOVLW      3
0x0421	0x00EE      	MOVWF      110
0x0422	0x2241      	CALL       577
0x0423	0x0008      	RETURN
;dimmer.c,0 :: ?ICS?lstr10_dimmer
0x03A6	0x3433 ;?ICS?lstr10_dimmer+0
0x03A7	0x3420 ;?ICS?lstr10_dimmer+1
0x03A8	0x346D ;?ICS?lstr10_dimmer+2
0x03A9	0x3473 ;?ICS?lstr10_dimmer+3
0x03AA	0x3400 ;?ICS?lstr10_dimmer+4
; end of ?ICS?lstr10_dimmer
;dimmer.c,0 :: ?ICS?lstr11_dimmer
0x03AB	0x3420 ;?ICS?lstr11_dimmer+0
0x03AC	0x3438 ;?ICS?lstr11_dimmer+1
0x03AD	0x3436 ;?ICS?lstr11_dimmer+2
0x03AE	0x342E ;?ICS?lstr11_dimmer+3
0x03AF	0x3434 ;?ICS?lstr11_dimmer+4
0x03B0	0x3400 ;?ICS?lstr11_dimmer+5
; end of ?ICS?lstr11_dimmer
;dimmer.c,0 :: ?ICS?lstr12_dimmer
0x03B1	0x3434 ;?ICS?lstr12_dimmer+0
0x03B2	0x3420 ;?ICS?lstr12_dimmer+1
0x03B3	0x346D ;?ICS?lstr12_dimmer+2
0x03B4	0x3473 ;?ICS?lstr12_dimmer+3
0x03B5	0x3400 ;?ICS?lstr12_dimmer+4
; end of ?ICS?lstr12_dimmer
;dimmer.c,0 :: ?ICS?lstr9_dimmer
0x03B6	0x3420 ;?ICS?lstr9_dimmer+0
0x03B7	0x3436 ;?ICS?lstr9_dimmer+1
0x03B8	0x3434 ;?ICS?lstr9_dimmer+2
0x03B9	0x342E ;?ICS?lstr9_dimmer+3
0x03BA	0x3438 ;?ICS?lstr9_dimmer+4
0x03BB	0x3400 ;?ICS?lstr9_dimmer+5
; end of ?ICS?lstr9_dimmer
;dimmer.c,0 :: ?ICS?lstr13_dimmer
0x03BC	0x3431 ;?ICS?lstr13_dimmer+0
0x03BD	0x3430 ;?ICS?lstr13_dimmer+1
0x03BE	0x3438 ;?ICS?lstr13_dimmer+2
0x03BF	0x342E ;?ICS?lstr13_dimmer+3
0x03C0	0x3430 ;?ICS?lstr13_dimmer+4
0x03C1	0x3400 ;?ICS?lstr13_dimmer+5
; end of ?ICS?lstr13_dimmer
;dimmer.c,0 :: ?ICS?lstr14_dimmer
0x03C2	0x3435 ;?ICS?lstr14_dimmer+0
0x03C3	0x3420 ;?ICS?lstr14_dimmer+1
0x03C4	0x346D ;?ICS?lstr14_dimmer+2
0x03C5	0x3473 ;?ICS?lstr14_dimmer+3
0x03C6	0x3400 ;?ICS?lstr14_dimmer+4
; end of ?ICS?lstr14_dimmer
;dimmer.c,0 :: ?ICS?lstr5_dimmer
0x03C7	0x3420 ;?ICS?lstr5_dimmer+0
0x03C8	0x3432 ;?ICS?lstr5_dimmer+1
0x03C9	0x3431 ;?ICS?lstr5_dimmer+2
0x03CA	0x342E ;?ICS?lstr5_dimmer+3
0x03CB	0x3436 ;?ICS?lstr5_dimmer+4
0x03CC	0x3400 ;?ICS?lstr5_dimmer+5
; end of ?ICS?lstr5_dimmer
;dimmer.c,0 :: ?ICS?lstr4_dimmer
0x03CD	0x3430 ;?ICS?lstr4_dimmer+0
0x03CE	0x3420 ;?ICS?lstr4_dimmer+1
0x03CF	0x346D ;?ICS?lstr4_dimmer+2
0x03D0	0x3473 ;?ICS?lstr4_dimmer+3
0x03D1	0x3400 ;?ICS?lstr4_dimmer+4
; end of ?ICS?lstr4_dimmer
;dimmer.c,0 :: ?ICS?lstr3_dimmer
0x03D2	0x3420 ;?ICS?lstr3_dimmer+0
0x03D3	0x3420 ;?ICS?lstr3_dimmer+1
0x03D4	0x3430 ;?ICS?lstr3_dimmer+2
0x03D5	0x342E ;?ICS?lstr3_dimmer+3
0x03D6	0x3430 ;?ICS?lstr3_dimmer+4
0x03D7	0x3400 ;?ICS?lstr3_dimmer+5
; end of ?ICS?lstr3_dimmer
;dimmer.c,0 :: ?ICS?lstr8_dimmer
0x03D8	0x3432 ;?ICS?lstr8_dimmer+0
0x03D9	0x3420 ;?ICS?lstr8_dimmer+1
0x03DA	0x346D ;?ICS?lstr8_dimmer+2
0x03DB	0x3473 ;?ICS?lstr8_dimmer+3
0x03DC	0x3400 ;?ICS?lstr8_dimmer+4
; end of ?ICS?lstr8_dimmer
;dimmer.c,0 :: ?ICS?lstr7_dimmer
0x03DD	0x3420 ;?ICS?lstr7_dimmer+0
0x03DE	0x3434 ;?ICS?lstr7_dimmer+1
0x03DF	0x3433 ;?ICS?lstr7_dimmer+2
0x03E0	0x342E ;?ICS?lstr7_dimmer+3
0x03E1	0x3432 ;?ICS?lstr7_dimmer+4
0x03E2	0x3400 ;?ICS?lstr7_dimmer+5
; end of ?ICS?lstr7_dimmer
;dimmer.c,0 :: ?ICS?lstr6_dimmer
0x03E3	0x3431 ;?ICS?lstr6_dimmer+0
0x03E4	0x3420 ;?ICS?lstr6_dimmer+1
0x03E5	0x346D ;?ICS?lstr6_dimmer+2
0x03E6	0x3473 ;?ICS?lstr6_dimmer+3
0x03E7	0x3400 ;?ICS?lstr6_dimmer+4
; end of ?ICS?lstr6_dimmer
;dimmer.c,0 :: ?ICS?lstr2_dimmer
0x03E8	0x3454 ;?ICS?lstr2_dimmer+0
0x03E9	0x3449 ;?ICS?lstr2_dimmer+1
0x03EA	0x3445 ;?ICS?lstr2_dimmer+2
0x03EB	0x344D ;?ICS?lstr2_dimmer+3
0x03EC	0x3450 ;?ICS?lstr2_dimmer+4
0x03ED	0x344F ;?ICS?lstr2_dimmer+5
0x03EE	0x343A ;?ICS?lstr2_dimmer+6
0x03EF	0x3400 ;?ICS?lstr2_dimmer+7
; end of ?ICS?lstr2_dimmer
;dimmer.c,0 :: ?ICS?lstr1_dimmer
0x03F0	0x3441 ;?ICS?lstr1_dimmer+0
0x03F1	0x344E ;?ICS?lstr1_dimmer+1
0x03F2	0x3447 ;?ICS?lstr1_dimmer+2
0x03F3	0x3455 ;?ICS?lstr1_dimmer+3
0x03F4	0x344C ;?ICS?lstr1_dimmer+4
0x03F5	0x344F ;?ICS?lstr1_dimmer+5
0x03F6	0x343A ;?ICS?lstr1_dimmer+6
0x03F7	0x3400 ;?ICS?lstr1_dimmer+7
; end of ?ICS?lstr1_dimmer
;dimmer.c,0 :: ?ICS?lstr15_dimmer
0x03F8	0x3431 ;?ICS?lstr15_dimmer+0
0x03F9	0x3432 ;?ICS?lstr15_dimmer+1
0x03FA	0x3439 ;?ICS?lstr15_dimmer+2
0x03FB	0x342E ;?ICS?lstr15_dimmer+3
0x03FC	0x3436 ;?ICS?lstr15_dimmer+4
0x03FD	0x3400 ;?ICS?lstr15_dimmer+5
; end of ?ICS?lstr15_dimmer
;dimmer.c,0 :: ?ICS?lstr18_dimmer
0x03FE	0x3437 ;?ICS?lstr18_dimmer+0
0x03FF	0x3420 ;?ICS?lstr18_dimmer+1
0x0400	0x346D ;?ICS?lstr18_dimmer+2
0x0401	0x3473 ;?ICS?lstr18_dimmer+3
0x0402	0x3400 ;?ICS?lstr18_dimmer+4
; end of ?ICS?lstr18_dimmer
;dimmer.c,0 :: ?ICS?lstr16_dimmer
0x0403	0x3436 ;?ICS?lstr16_dimmer+0
0x0404	0x3420 ;?ICS?lstr16_dimmer+1
0x0405	0x346D ;?ICS?lstr16_dimmer+2
0x0406	0x3473 ;?ICS?lstr16_dimmer+3
0x0407	0x3400 ;?ICS?lstr16_dimmer+4
; end of ?ICS?lstr16_dimmer
;dimmer.c,0 :: ?ICS?lstr17_dimmer
0x0408	0x3431 ;?ICS?lstr17_dimmer+0
0x0409	0x3435 ;?ICS?lstr17_dimmer+1
0x040A	0x3431 ;?ICS?lstr17_dimmer+2
0x040B	0x342E ;?ICS?lstr17_dimmer+3
0x040C	0x3432 ;?ICS?lstr17_dimmer+4
0x040D	0x3400 ;?ICS?lstr17_dimmer+5
; end of ?ICS?lstr17_dimmer
Symbol List:
//** Routines locations **
//ADDRESS    SIZE    PROCEDURE
//----------------------------------------------
0x0004     [364]    _interrupt
0x0170       [7]    _Delay_50us
0x0177      [13]    _Delay_5500us
0x0184       [6]    _Delay_1us
0x018A      [94]    _Lcd_Cmd
0x01E8       [7]    _____DoICP
0x01EF       [9]    _Lcd_Chr_CP
0x01F8      [65]    _Lcd_Out
0x0239       [8]    _INTERRUPCIONES_init
0x0241      [12]    ___CC2DW
0x024D      [79]    _Lcd_Init
0x029C     [260]    _main
//** Variables locations ** 
//ADDRESS    SIZE    VARIABLE
//----------------------------------------------
0x0000       [1]    INDF
0x0001       [1]    TMR0
0x0002       [1]    PCL
0x0003       [0]    RP1_bit
0x0003       [0]    RP0_bit
0x0003       [0]    Z_bit
0x0003       [0]    IRP_bit
0x0003       [0]    DC_bit
0x0003       [0]    NOT_TO_bit
0x0003       [0]    NOT_PD_bit
0x0003       [1]    STATUS
0x0003       [0]    C_bit
0x0004       [1]    FSR
0x0004       [1]    FSRPTR
0x0005       [0]    RA2_bit
0x0005       [0]    RA1_bit
0x0005       [0]    RA0_bit
0x0005       [0]    RA3_bit
0x0005       [0]    RA5_bit
0x0005       [1]    PORTA
0x0005       [0]    RA4_bit
0x0006       [0]    RB7_bit
0x0006       [0]    RB2_bit
0x0006       [0]    RB1_bit
0x0006       [0]    RB3_bit
0x0006       [0]    RB4_bit
0x0006       [0]    RB0_bit
0x0006       [0]    RB5_bit
0x0006       [0]    RB6_bit
0x0006       [1]    PORTB
0x0007       [0]    RC7_bit
0x0007       [1]    PORTC
0x0007       [0]    RC2_bit
0x0007       [0]    RC1_bit
0x0007       [0]    RC0_bit
0x0007       [0]    RC3_bit
0x0007       [0]    RC6_bit
0x0007       [0]    RC5_bit
0x0007       [0]    RC4_bit
0x0008       [0]    LCD_D5
0x0008       [0]    RD4_bit
0x0008       [0]    LCD_D6
0x0008       [0]    RD2_bit
0x0008       [0]    RD3_bit
0x0008       [0]    LCD_D4
0x0008       [0]    LCD_D7
0x0008       [0]    RD6_bit
0x0008       [0]    RD7_bit
0x0008       [1]    PORTD
0x0008       [0]    LCD_EN
0x0008       [0]    LCD_RS
0x0008       [0]    RD5_bit
0x0008       [0]    RD1_bit
0x0008       [0]    RD0_bit
0x0009       [0]    RE2_bit
0x0009       [0]    RE0_bit
0x0009       [0]    RE1_bit
0x0009       [1]    PORTE
0x000A       [1]    PCLATH
0x000B       [0]    TMR0IE_bit
0x000B       [0]    GIE_bit
0x000B       [0]    TMR0IF_bit
0x000B       [0]    INTE_bit
0x000B       [1]    INTCON
0x000B       [0]    T0IF_bit
0x000B       [0]    T0IE_bit
0x000B       [0]    PEIE_bit
0x000B       [0]    INTF_bit
0x000B       [0]    RBIE_bit
0x000B       [0]    RBIF_bit
0x000C       [0]    TMR1IF_bit
0x000C       [0]    PSPIF_bit
0x000C       [0]    SSPIF_bit
0x000C       [0]    TXIF_bit
0x000C       [1]    PIR1
0x000C       [0]    TMR2IF_bit
0x000C       [0]    RCIF_bit
0x000C       [0]    CCP1IF_bit
0x000C       [0]    ADIF_bit
0x000D       [0]    CMIF_bit
0x000D       [0]    BCLIF_bit
0x000D       [0]    CCP2IF_bit
0x000D       [0]    EEIF_bit
0x000D       [1]    PIR2
0x000E       [1]    TMR1L
0x000F       [1]    TMR1H
0x0010       [0]    T1OSCEN_bit
0x0010       [0]    TMR1ON_bit
0x0010       [0]    TMR1CS_bit
0x0010       [0]    T1SYNC_bit
0x0010       [0]    T1CKPS1_bit
0x0010       [0]    T1INSYNC_bit
0x0010       [1]    T1CON
0x0010       [0]    T1CKPS0_bit
0x0010       [0]    NOT_T1SYNC_bit
0x0011       [1]    TMR2
0x0012       [1]    T2CON
0x0012       [0]    TMR2ON_bit
0x0012       [0]    T2CKPS1_bit
0x0012       [0]    T2CKPS0_bit
0x0012       [0]    TOUTPS0_bit
0x0012       [0]    TOUTPS2_bit
0x0012       [0]    TOUTPS3_bit
0x0012       [0]    TOUTPS1_bit
0x0013       [1]    SSPBUF
0x0014       [0]    SSPM0_bit
0x0014       [0]    SSPM1_bit
0x0014       [1]    SSPCON
0x0014       [0]    SSPEN_bit
0x0014       [0]    CKP_bit
0x0014       [0]    SSPOV_bit
0x0014       [0]    WCOL_bit
0x0014       [0]    SSPM3_bit
0x0014       [0]    SSPM2_bit
0x0015       [2]    CCPR1
0x0015       [1]    CCPR1L
0x0016       [1]    CCPR1H
0x0017       [0]    CCP1X_bit
0x0017       [0]    CCP1M1_bit
0x0017       [0]    CCP1M3_bit
0x0017       [0]    CCP1Y_bit
0x0017       [1]    CCP1CON
0x0017       [0]    CCP1M2_bit
0x0017       [0]    CCP1M0_bit
0x0018       [1]    RCSTA
0x0018       [0]    SPEN_bit
0x0018       [0]    NOT_RC8_bit
0x0018       [0]    SREN_bit
0x0018       [0]    RC9_bit
0x0018       [0]    OERR_bit
0x0018       [0]    ADDEN_bit
0x0018       [0]    RC8_9_bit
0x0018       [0]    RX9D_bit
0x0018       [0]    RX9_bit
0x0018       [0]    FERR_bit
0x0018       [0]    CREN_bit
0x0018       [0]    RCD8_bit
0x0019       [1]    TXREG
0x001A       [1]    RCREG
0x001B       [1]    CCPR2L
0x001B       [2]    CCPR2
0x001C       [1]    CCPR2H
0x001D       [0]    CCP2X_bit
0x001D       [0]    CCP2M0_bit
0x001D       [0]    CCP2M1_bit
0x001D       [0]    CCP2M3_bit
0x001D       [1]    CCP2CON
0x001D       [0]    CCP2Y_bit
0x001D       [0]    CCP2M2_bit
0x001E       [1]    ADRESH
0x001F       [0]    CHS2_bit
0x001F       [0]    ADON_bit
0x001F       [0]    CHS0_bit
0x001F       [0]    CHS1_bit
0x001F       [0]    NOT_DONE_bit
0x001F       [0]    GO_DONE_bit
0x001F       [0]    ADCS0_bit
0x001F       [0]    ADCS1_bit
0x001F       [1]    ADCON0
0x001F       [0]    GO_bit
0x0023       [5]    ?lstr10_dimmer
0x0028       [6]    ?lstr11_dimmer
0x002E       [5]    ?lstr12_dimmer
0x0033       [6]    ?lstr9_dimmer
0x0039       [6]    ?lstr13_dimmer
0x003F       [5]    ?lstr14_dimmer
0x0044       [6]    ?lstr5_dimmer
0x004A       [5]    ?lstr4_dimmer
0x004F       [6]    ?lstr3_dimmer
0x0055       [5]    ?lstr8_dimmer
0x005A       [6]    ?lstr7_dimmer
0x0060       [5]    ?lstr6_dimmer
0x0065       [8]    ?lstr2_dimmer
0x006D       [2]    ___DoICPAddr
0x006F       [1]    ___saveSTATUS
0x0070       [1]    R0
0x0071       [1]    R1
0x0072       [1]    R2
0x0073       [1]    R3
0x0074       [1]    R4
0x0075       [1]    R5
0x0076       [1]    R6
0x0077       [1]    R7
0x0078       [1]    R8
0x0079       [1]    R9
0x007A       [1]    R10
0x007B       [1]    R11
0x007C       [1]    R12
0x007D       [1]    R13
0x007E       [1]    R14
0x007F       [1]    R15
0x0081       [0]    T0CS_bit
0x0081       [1]    OPTION_REG
0x0081       [0]    NOT_RBPU_bit
0x0081       [0]    T0SE_bit
0x0081       [0]    PS0_bit
0x0081       [0]    PSA_bit
0x0081       [0]    INTEDG_bit
0x0081       [0]    PS1_bit
0x0081       [0]    PS2_bit
0x0085       [0]    TRISA3_bit
0x0085       [0]    TRISA4_bit
0x0085       [0]    TRISA5_bit
0x0085       [0]    TRISA2_bit
0x0085       [0]    TRISA0_bit
0x0085       [1]    TRISA
0x0085       [0]    TRISA1_bit
0x0086       [1]    TRISB
0x0086       [0]    TRISB1_bit
0x0086       [0]    TRISB2_bit
0x0086       [0]    TRISB4_bit
0x0086       [0]    TRISB7_bit
0x0086       [0]    TRISB0_bit
0x0086       [0]    TRISB5_bit
0x0086       [0]    TRISB6_bit
0x0086       [0]    TRISB3_bit
0x0087       [0]    TRISC5_bit
0x0087       [0]    TRISC0_bit
0x0087       [0]    TRISC6_bit
0x0087       [0]    TRISC2_bit
0x0087       [1]    TRISC
0x0087       [0]    TRISC4_bit
0x0087       [0]    TRISC3_bit
0x0087       [0]    TRISC1_bit
0x0087       [0]    TRISC7_bit
0x0088       [0]    LCD_D5_Direction
0x0088       [0]    TRISD1_bit
0x0088       [0]    LCD_D6_Direction
0x0088       [0]    TRISD0_bit
0x0088       [1]    TRISD
0x0088       [0]    LCD_D7_Direction
0x0088       [0]    LCD_EN_Direction
0x0088       [0]    LCD_RS_Direction
0x0088       [0]    TRISD4_bit
0x0088       [0]    TRISD5_bit
0x0088       [0]    TRISD6_bit
0x0088       [0]    TRISD7_bit
0x0088       [0]    LCD_D4_Direction
0x0088       [0]    TRISD3_bit
0x0088       [0]    TRISD2_bit
0x0089       [0]    PSPMODE_bit
0x0089       [0]    PSPMODE_TRISE_bit
0x0089       [0]    OBF_TRISE_bit
0x0089       [1]    TRISE
0x0089       [0]    OBF_bit
0x0089       [0]    IBOV_TRISE_bit
0x0089       [0]    IBF_bit
0x0089       [0]    TRISE1_bit
0x0089       [0]    TRISE2_bit
0x0089       [0]    IBF_TRISE_bit
0x0089       [0]    TRISE0_bit
0x0089       [0]    IBOV_bit
0x008C       [1]    PIE1
0x008C       [0]    CCP1IE_bit
0x008C       [0]    TMR1IE_bit
0x008C       [0]    TMR2IE_bit
0x008C       [0]    RCIE_bit
0x008C       [0]    TXIE_bit
0x008C       [0]    ADIE_bit
0x008C       [0]    PSPIE_bit
0x008C       [0]    SSPIE_bit
0x008D       [1]    PIE2
0x008D       [0]    EEIE_bit
0x008D       [0]    CCP2IE_bit
0x008D       [0]    CMIE_bit
0x008D       [0]    BCLIE_bit
0x008E       [0]    NOT_BOR_bit
0x008E       [0]    NOT_BO_bit
0x008E       [0]    NOT_POR_bit
0x008E       [1]    PCON
0x0091       [0]    ACKEN_bit
0x0091       [0]    ACKDT_bit
0x0091       [0]    RCEN_bit
0x0091       [0]    GCEN_bit
0x0091       [0]    ACKSTAT_bit
0x0091       [0]    RSEN_bit
0x0091       [0]    SEN_bit
0x0091       [1]    SSPCON2
0x0091       [0]    PEN_bit
0x0092       [1]    PR2
0x0093       [1]    SSPADD
0x0094       [0]    NOT_W_bit
0x0094       [0]    NOT_WRITE_bit
0x0094       [0]    NOT_ADDRESS_bit
0x0094       [0]    I2C_STOP__bit
0x0094       [0]    NOT_A_bit
0x0094       [0]    P_bit
0x0094       [0]    R_bit
0x0094       [0]    R_W_bit
0x0094       [0]    READ_WRITE_bit
0x0094       [0]    SMP_bit
0x0094       [0]    S_bit
0x0094       [0]    I2C_START__bit
0x0094       [0]    D_A_bit
0x0094       [0]    D_bit
0x0094       [0]    UA_bit
0x0094       [0]    CKE_bit
0x0094       [0]    BF_bit
0x0094       [0]    I2C_DATA_bit
0x0094       [0]    I2C_READ_bit
0x0094       [1]    SSPSTAT
0x0094       [0]    DATA_ADDRESS_bit
0x0098       [0]    BRGH_bit
0x0098       [1]    TXSTA
0x0098       [0]    TX9_bit
0x0098       [0]    TX8_9_bit
0x0098       [0]    TRMT_bit
0x0098       [0]    TX9D_bit
0x0098       [0]    CSRC_bit
0x0098       [0]    TXEN_bit
0x0098       [0]    TXD8_bit
0x0098       [0]    SYNC_bit
0x0098       [0]    NOT_TX8_bit
0x0099       [1]    SPBRG
0x009C       [0]    CM0_bit
0x009C       [0]    C1OUT_bit
0x009C       [0]    CM1_bit
0x009C       [0]    CIS_bit
0x009C       [0]    C1INV_bit
0x009C       [1]    CMCON
0x009C       [0]    CM2_bit
0x009C       [0]    C2OUT_bit
0x009C       [0]    C2INV_bit
0x009D       [1]    CVRCON
0x009D       [0]    CVR1_bit
0x009D       [0]    CVR2_bit
0x009D       [0]    CVR0_bit
0x009D       [0]    CVRR_bit
0x009D       [0]    CVROE_bit
0x009D       [0]    CVREN_bit
0x009D       [0]    CVR3_bit
0x009E       [1]    ADRESL
0x009F       [0]    PCFG3_bit
0x009F       [0]    PCFG1_bit
0x009F       [0]    PCFG0_bit
0x009F       [1]    ADCON1
0x009F       [0]    ADFM_bit
0x009F       [0]    PCFG2_bit
0x009F       [0]    ADCS2_bit
0x00A0       [8]    ?lstr1_dimmer
0x00A8       [6]    ?lstr15_dimmer
0x00AE       [5]    ?lstr18_dimmer
0x00B3       [5]    ?lstr16_dimmer
0x00B8       [6]    ?lstr17_dimmer
0x00BE       [2]    _f4
0x00C0       [2]    _a
0x00C2       [2]    _f3
0x00C4       [2]    _f2
0x00C6       [2]    _f1
0x00C8       [1]    ___savePCLATH
0x00C9       [0]    __Lib_Lcd_cmd_status
0x00CA       [1]    FARG_Lcd_Out_row
0x00CB       [1]    FARG_Lcd_Out_column
0x00CC       [1]    FARG_Lcd_Out_text
0x00CD       [1]    Lcd_Out_i_L0
0x00CE       [1]    FARG_Lcd_Chr_CP_out_char
0x00CF       [1]    FARG_Lcd_Cmd_out_char
0x010C       [1]    EEDATA
0x010D       [1]    EEADR
0x010E       [1]    EEDATH
0x010F       [1]    EEADRH
0x018C       [0]    WR_bit
0x018C       [0]    RD_bit
0x018C       [0]    WRERR_bit
0x018C       [0]    EEPGD_bit
0x018C       [0]    WREN_bit
0x018C       [1]    EECON1
0x018D       [1]    EECON2
//** Constants locations ** 
//ADDRESS    SIZE    CONSTANT
//----------------------------------------------
0x03A6       [5]    ?ICS?lstr10_dimmer
0x03AB       [6]    ?ICS?lstr11_dimmer
0x03B1       [5]    ?ICS?lstr12_dimmer
0x03B6       [6]    ?ICS?lstr9_dimmer
0x03BC       [6]    ?ICS?lstr13_dimmer
0x03C2       [5]    ?ICS?lstr14_dimmer
0x03C7       [6]    ?ICS?lstr5_dimmer
0x03CD       [5]    ?ICS?lstr4_dimmer
0x03D2       [6]    ?ICS?lstr3_dimmer
0x03D8       [5]    ?ICS?lstr8_dimmer
0x03DD       [6]    ?ICS?lstr7_dimmer
0x03E3       [5]    ?ICS?lstr6_dimmer
0x03E8       [8]    ?ICS?lstr2_dimmer
0x03F0       [8]    ?ICS?lstr1_dimmer
0x03F8       [6]    ?ICS?lstr15_dimmer
0x03FE       [5]    ?ICS?lstr18_dimmer
0x0403       [5]    ?ICS?lstr16_dimmer
0x0408       [6]    ?ICS?lstr17_dimmer
//** Label List: ** 
//----------------------------------------------
  L_interrupt0
  L_interrupt1
  L_interrupt2
  L_interrupt3
  L_interrupt4
  L_interrupt5
  L_interrupt6
  L_interrupt7
  L_interrupt8
  L_interrupt9
  L_interrupt10
  L_interrupt11
  L_interrupt12
  L_interrupt13
  L_interrupt14
  L_interrupt15
  L_interrupt16
  L_interrupt17
  L_interrupt18
  L_interrupt19
  L_interrupt20
  L_interrupt21
  L_interrupt22
  L_interrupt23
  L_interrupt24
  L_interrupt25
  L_interrupt26
  L_interrupt27
  L_interrupt28
  L_interrupt29
  L_interrupt30
  L_interrupt31
  L_interrupt32
  L_interrupt33
  L_interrupt34
  L_interrupt35
  L_interrupt36
  L_interrupt37
  L_interrupt38
  L_interrupt39
  L_main40
  L_main41
  L_main42
  L_main43
  L_main44
  L_main45
  L_main46
  L_main47
  L_main48
  L_main49
  L_main50
  L_main51
  L_main52
  L_main53
  L_main54
  L_main55
  L_main56
  L_main57
  L__interrupt58
  L__interrupt59
  L__interrupt60
  L__interrupt61
  _INTERRUPCIONES_init
  _interrupt
  L__interrupt62
  L__interrupt63
  L__interrupt64
  L__interrupt65
  L__interrupt66
  L__interrupt67
  L__interrupt68
  L__interrupt69
  L__interrupt70
  L__interrupt71
  L__interrupt72
  L__interrupt73
  L__interrupt74
  L__interrupt75
  L__interrupt76
  _main
  L__main77
  L__main78
  L__main79
  L__main80
  L__main81
  L__main82
  L__main83
  L__main84
  L_Delay_10us0
  L_Delay_22us1
  L_Delay_50us2
  L_Delay_80us3
  L_Delay_500us4
  L_Delay_5500us5
  L_Delay_1ms6
  L_Delay_5ms7
  L_Delay_8ms8
  L_Delay_10ms9
  L_Delay_100ms10
  L_Delay_1sec11
  L_boot16_Delay_5ms12
  L_Delay_Cyc13
  L_Delay_Cyc14
  L_VDelay_ms15
  L_VDelay_ms16
  L_VDelay_ms17
  L_VDelay_Advanced_ms18
  L_VDelay_Advanced_ms19
  L_VDelay_Advanced_ms20
  _Get_Fosc_kHz
  _Delay_1us
  _Delay_10us
  _Delay_22us
  _Delay_50us
  _Delay_80us
  _Delay_500us
  _Delay_5500us
  _Delay_1ms
  _Delay_5ms
  _Delay_8ms
  _Delay_10ms
  _Delay_100ms
  _Delay_1sec
  _boot16_Delay_5ms
  _Delay_Cyc
  _VDelay_ms
  L__VDelay_ms21
  L__VDelay_ms22
  L__VDelay_ms23
  _VDelay_Advanced_ms
  L__VDelay_Advanced_ms24
  L__VDelay_Advanced_ms25
  L__VDelay_Advanced_ms26
  L_Lcd_Cmd0
  L_Lcd_Cmd1
  L_Lcd_Out_CP2
  L_Lcd_Out_CP3
  L_Lcd_Chr4
  L_Lcd_Chr5
  L_Lcd_Chr6
  L_Lcd_Chr7
  L_Lcd_Chr8
  L_Lcd_Chr9
  L_Lcd_Chr10
  L_Lcd_Out11
  L_Lcd_Out12
  L_Lcd_Out13
  L_Lcd_Out14
  L_Lcd_Out15
  L_Lcd_Out16
  L_Lcd_Out17
  L_Lcd_Out18
  L_Lcd_Out19
  _Lcd_Cmd
  L__Lcd_Cmd20
  L__Lcd_Cmd21
  L__Lcd_Cmd22
  L__Lcd_Cmd23
  L__Lcd_Cmd24
  L__Lcd_Cmd25
  L__Lcd_Cmd26
  L__Lcd_Cmd27
  L__Lcd_Cmd28
  L__Lcd_Cmd29
  L__Lcd_Cmd30
  L__Lcd_Cmd31
  L__Lcd_Cmd32
  L__Lcd_Cmd33
  L__Lcd_Cmd34
  L__Lcd_Cmd35
  L__Lcd_Cmd36
  L__Lcd_Cmd37
  L__Lcd_Cmd38
  L__Lcd_Cmd39
  _Lcd_Chr_CP
  _Lcd_Out_CP
  _Lcd_Chr
  _Lcd_Init
  _Lcd_Out
  _CC2D_Loop1
  _____DoICP
  _____DoIFC
  ___CC2DW
  _Swap
  L_interrupt0
  L_interrupt1
  L_interrupt2
  L_interrupt3
  L_interrupt4
  L_interrupt5
  L_interrupt6
  L_interrupt7
  L_interrupt8
  L_interrupt9
  L_interrupt10
  L_interrupt11
  L_interrupt12
  L_interrupt13
  L_interrupt14
  L_interrupt15
  L_interrupt16
  L_interrupt17
  L_interrupt18
  L_interrupt19
  L_interrupt20
  L_interrupt21
  L_interrupt22
  L_interrupt23
  L_interrupt24
  L_interrupt25
  L_interrupt26
  L_interrupt27
  L_interrupt28
  L_interrupt29
  L_interrupt30
  L_interrupt31
  L_interrupt32
  L_interrupt33
  L_interrupt34
  L_interrupt35
  L_interrupt36
  L_interrupt37
  L_interrupt38
  L_interrupt39
  L_main40
  L_main41
  L_main42
  L_main43
  L_main44
  L_main45
  L_main46
  L_main47
  L_main48
  L_main49
  L_main50
  L_main51
  L_main52
  L_main53
  L_main54
  L_main55
  L_main56
  L_main57
  L__interrupt58
  L__interrupt59
  L__interrupt60
  L__interrupt61
  _INTERRUPCIONES_init
  _interrupt
  L__interrupt62
  L__interrupt63
  L__interrupt64
  L__interrupt65
  L__interrupt66
  L__interrupt67
  L__interrupt68
  L__interrupt69
  L__interrupt70
  L__interrupt71
  L__interrupt72
  L__interrupt73
  L__interrupt74
  L__interrupt75
  L__interrupt76
  _main
  L__main77
  L__main78
  L__main79
  L__main80
  L__main81
  L__main82
  L__main83
  L__main84
