
ROM used:   540/8192 (7%)
            540/8192 (7%) including unused fragments

            0.5 Average locations per line
            5.2 Average locations per statement

RAM used:   17/368 (5%) at main() level
            32/368 (9%) worst case

Stack used: 7 worst case (5 in main + 2 for interrupts)
Stack size: 8

Lines Stmts  %   Files
----- ----- ---  -----
  143    41  39  Teclado_LCD.c
  661     0   0  C:\Program Files (x86)\PICC\Devices\16f877a.h
  180    63  61  LCD.C
----- -----
  984   104 Total

Page ROM  %  RAM   Vol Diff  Functions:
---- --- --- ---   --- ----  ----------
0     21   4    1             @delay_ms1
0      8   1    0             @const626
 Inline         3   463  4.3  lcd_read_byte
0     14   3    1   134  2.2  lcd_send_nibble
0     58  11    3   317  4.3  lcd_send_byte
 Inline         2   422  4.7  lcd_init
 Inline         4   186  5.5  lcd_gotoxy
0     58  11    1   272  4.1  lcd_putc
0     21   4    0             @const659
0     20   4    0             @const662
0     60  11    0    16  1.0  RB_isr
0      6   1    0    21  0.9  TIMER0_isr
0     25   5    0    55  1.4  MAIN
0     56  10    0    12  0.8  Cargar_configuracion
0     51   9    1   156  2.1  Iniciar_teclado
0      5   1    0             @const675
0     75  14    4             @PSTRINGC7_647
0      8   1    0             @const677
 Inline         1   629  7.2  VER_TECLA
 Inline         0             @cinit1

Program metrics:
    Functions               12
    Statements              104
    Comments                197
    Volume (V)              4339
    Difficulty (D)          38.3
    Effort to implement (E) 166019
    Time to implement (T)   2 hours, 34 minutes
    Est Delivered Bugs (B)  1
    Cyclomatic Complexity   10
    Maintainability (MI)    105

 Segment     Used  Free
-----------  ----  ----
00000-00003     4  0  
00004-00035    50  0  
00036-007FF   486  1508  
00800-00FFF     0  2048  
01000-017FF     0  2048  
01800-01FFF     0  2048  



