
ROM used:   793/8192 (10%)
            793/8192 (10%) including unused fragments

            0.4 Average locations per line
            2.9 Average locations per statement

RAM used:   32/368 (9%) at main() level
            51/368 (14%) worst case

Stack used: 8 worst case (6 in main + 2 for interrupts)
Stack size: 8

Lines Stmts  %   Files
----- ----- ---  -----
   99    41  15  Teclavo_Clave.c
  661     0   0  C:\Program Files (x86)\PICC\Devices\16f877a.h
  423   125  46  C:\Program Files (x86)\PICC\Drivers\string.h
   32     0   0  C:\Program Files (x86)\PICC\Drivers\stddef.h
   28     0   0  C:\Program Files (x86)\PICC\Drivers\ctype.h
  456    84  31  C:\Program Files (x86)\PICC\Drivers\LCD.c
  145    24   9  kbd2.c
----- -----
 1844   274 Total

Page ROM  %  RAM   Vol Diff  Functions:
---- --- --- ---   --- ----  ----------
0     68   9    5   231  6.6  strcmp
0     21   3    1             @delay_ms1
 Inline         1             @GETCH_1_
0      8   1    0             @const729
 Inline         3   596  5.9  lcd_read_byte
0      6   1    0    59  4.2  lcd_read_nibble
0     14   2    1   179  3.3  lcd_send_nibble
0     64   8    3   460  4.7  lcd_send_byte
 Inline         2   667  5.9  lcd_init
0     18   2    4   208  6.3  lcd_gotoxy
0     44   6    1   354  4.7  lcd_putc
0     20   3    0             @const759
 Inline         7   928  8.7  kbd_getc
0    109  14    2   277  3.6  RDA_isr
0      6   1    0    50  1.3  @const783
0      6   1    0    84  1.5  @const784
0     40   5    0    50  1.3  MAIN
0     72   9    1    84  1.5  Cargar_configuracion
0      9   1    0             @const788
0     75   9    4    67  1.2  @PSTRINGC7_747
0      8   1    0   424  5.9  @const790
0     23   3    0    67  1.2  Configurar_interrupciones
0    126  16    1   384  5.9  Ingreso_Clave
0      7   1    0             @const791
 Inline         0             @cinit1

Program metrics:
    Functions               18
    Statements              274
    Comments                414
    Volume (V)              8892
    Difficulty (D)          73.1
    Effort to implement (E) 650199
    Time to implement (T)   10 hours, 2 minutes
    Est Delivered Bugs (B)  3
    Cyclomatic Complexity   22
    Maintainability (MI)    140

 Segment     Used  Free
-----------  ----  ----
00000-00003     4  0  
00004-00030    45  0  
00031-007FF   744  1255  
00800-00FFF     0  2048  
01000-017FF     0  2048  
01800-01FFF     0  2048  



