
ROM used:   424/8192 (5%)
            424/8192 (5%) including unused fragments

            0.5 Average locations per line
            8.8 Average locations per statement

RAM used:   27/368 (7%) at main() level
            37/368 (10%) worst case

Stack used: 2 worst case (2 in main + 0 for interrupts)
Stack size: 8

Lines Stmts  %   Files
----- ----- ---  -----
  122    48 100  RecepcionAN0Serial.c
  661     0   0  C:\Program Files (x86)\PICC\Devices\16f877A.h
----- -----
  783    48 Total

Page ROM  %  RAM   Vol Diff  Functions:
---- --- --- ---   --- ----  ----------
0     21   5    1             @delay_ms1
 Inline         0   115  2.1  sensor1
 Inline         0   115  2.1  sensor2
 Inline         0   115  2.1  sensor3
 Inline         0   115  2.1  sensor4
0    230  54    1   375  2.3  realizar_ensayo
0    118  28    9   208  6.3  @PRINTF_LD_9600_62_63
0     51  12    1   221  2.3  MAIN
 Inline         0   197  2.6  @cinit1

Program metrics:
    Functions               8
    Statements              48
    Comments                132
    Volume (V)              2358
    Difficulty (D)          21.4
    Effort to implement (E) 50494
    Time to implement (T)   47 minutes
    Est Delivered Bugs (B)  0
    Cyclomatic Complexity   1
    Maintainability (MI)    113

 Segment     Used  Free
-----------  ----  ----
00000-00003     4  0  
00004-007FF   420  1624  
00800-00FFF     0  2048  
01000-017FF     0  2048  
01800-01FFF     0  2048  



