
ROM used:   123/8192 (2%)
            123/8192 (2%) including unused fragments

            0.2 Average locations per line
            4.6 Average locations per statement

RAM used:   14/368 (4%) at main() level
            15/368 (4%) worst case

Stack used: 2 worst case (1 in main + 1 for interrupts)
Stack size: 8

Lines Stmts  %   Files
----- ----- ---  -----
   75    27 100  Deteccion_Alarma1.c
  661     0   0  C:\Program Files (x86)\PICC\Devices\16f877a.h
----- -----
  736    27 Total

Page ROM  %  RAM   Vol Diff  Functions:
---- --- --- ---   --- ----  ----------
0     12  10    1   132  3.0  ext_isr
0     12  10    0   102  2.9  TIMER0_isr
0     18  15    0    38  1.2  MAIN
0     11   9    0    69  1.6  Cargar_configuracion
0     16  13    0    98  1.7  Configurar_interrupciones
 Inline         0             @cinit1

Program metrics:
    Functions               5
    Statements              27
    Comments                133
    Volume (V)              685
    Difficulty (D)          10.4
    Effort to implement (E) 7121
    Time to implement (T)   7 minutes
    Est Delivered Bugs (B)  0
    Cyclomatic Complexity   2
    Maintainability (MI)    168

 Segment     Used  Free
-----------  ----  ----
00000-00003     4  0  
00004-00035    50  0  
00036-007FF    69  1925  
00800-00FFF     0  2048  
01000-017FF     0  2048  
01800-01FFF     0  2048  



