
ROM used:   189/8192 (2%)
            189/8192 (2%) including unused fragments

            0.1 Average locations per line
            0.5 Average locations per statement

RAM used:   27/368 (7%) at main() level
            29/368 (8%) worst case

Stack used: 3 worst case (2 in main + 1 for interrupts)
Stack size: 8

Lines Stmts  %   Files
----- ----- ---  -----
   79    17   5  Bluetooth_Maestro1.c
  661     0   0  C:\Program Files (x86)\PICC\Devices\16F877A.h
  423     0   0  C:\Program Files (x86)\PICC\Drivers\string.h
   32     0   0  C:\Program Files (x86)\PICC\Drivers\stddef.h
   28     0   0  C:\Program Files (x86)\PICC\Drivers\ctype.h
   37     0   0  C:\Program Files (x86)\PICC\Drivers\stdio.h
 1351   359  95  C:\Program Files (x86)\PICC\Drivers\stdlib.h
----- -----
 2611   376 Total

Page ROM  %  RAM   Vol Diff  Functions:
---- --- --- ---   --- ----  ----------
0     23  12    1             @delay_ms1
 Inline         0    42  1.7  @GETCH_BIU_1
0     27  14    0    48  1.9  RDA_isr
0     34  18    0    55  1.4  MAIN
0     27  14    2   110  1.6  Cargar_configuracion
0      6   3    0   119  1.7  @const905
0     23  12    0    67  1.2  Configurar_interrupciones
 Inline         0             @cinit1

Program metrics:
    Functions               6
    Statements              376
    Comments                517
    Volume (V)              730
    Difficulty (D)          9.5
    Effort to implement (E) 6952
    Time to implement (T)   6 minutes
    Est Delivered Bugs (B)  0
    Cyclomatic Complexity   1
    Maintainability (MI)    127

 Segment     Used  Free
-----------  ----  ----
00000-00003     4  0  
00004-00030    45  0  
00031-007FF   140  1859  
00800-00FFF     0  2048  
01000-017FF     0  2048  
01800-01FFF     0  2048  



