
ROM used:   335/8192 (4%)
            335/8192 (4%) including unused fragments

            0.3 Average locations per line
            3.5 Average locations per statement

RAM used:   6/368 (2%) at main() level
            16/368 (4%) worst case

Stack used: 3 worst case (3 in main + 0 for interrupts)
Stack size: 8

Lines Stmts  %   Files
----- ----- ---  -----
   29     8   8  TECLADO.c
  661     0   0  C:\Program Files (x86)\PICC\Devices\16f877a.h
  180    63  66  LCD.C
  145    24  25  kbd2.c
----- -----
 1015    95 Total

Page ROM  %  RAM   Vol Diff  Functions:
---- --- --- ---   --- ----  ----------
0     20   6    1   485  7.8  @delay_ms1
0      8   2    0   272  5.5  @const627
 Inline         3   463  4.3  lcd_read_byte
0     17   5    1   134  2.2  lcd_send_nibble
0     60  18    3   317  4.3  lcd_send_byte
0     44  13    2   422  4.7  lcd_init
 Inline         4   186  5.5  lcd_gotoxy
0     54  16    1   272  4.1  lcd_putc
0     20   6    0   288  6.0  @const654
0     81  24    7   928  8.7  kbd_getc
0     27   8    0   119  2.9  MAIN
 Inline         0   318  6.5  @cinit1

Program metrics:
    Functions               12
    Statements              95
    Comments                205
    Volume (V)              6873
    Difficulty (D)          62.3
    Effort to implement (E) 428391
    Time to implement (T)   6 hours, 37 minutes
    Est Delivered Bugs (B)  2
    Cyclomatic Complexity   21
    Maintainability (MI)    110

 Segment     Used  Free
-----------  ----  ----
00000-00003     4  0  
00004-007FF   331  1713  
00800-00FFF     0  2048  
01000-017FF     0  2048  
01800-01FFF     0  2048  



