
ROM used:   206/8192 (3%)
            206/8192 (3%) including unused fragments

            0.3 Average locations per line
            3.8 Average locations per statement

RAM used:   15/368 (4%) at main() level
            19/368 (5%) worst case

Stack used: 4 worst case (1 in main + 3 for interrupts)
Stack size: 8

Lines Stmts  %   Files
----- ----- ---  -----
  118    54 100  Dimmer.c
  661     0   0  C:\Program Files (x86)\PICC\Devices\16f877a.h
----- -----
  779    54 Total

Page ROM  %  RAM   Vol Diff  Functions:
---- --- --- ---   --- ----  ----------
0     21  10    1             @delay_ms1
0      7   3    0    16  1.0  ext_isr
0     22  11    0    55  1.4  MAIN
0     26  13    2   300  4.6  VariacionAnguloAplauso
0     12   6    0    69  1.6  Cargar_configuracion
0     10   5    0    67  1.2  Configurar_interrupciones
0     49  24    1   668  3.4  Disparar
0     12   6    0             @goto10624
 Inline         0             @cinit1

Program metrics:
    Functions               6
    Statements              54
    Comments                141
    Volume (V)              1647
    Difficulty (D)          13.5
    Effort to implement (E) 22153
    Time to implement (T)   21 minutes
    Est Delivered Bugs (B)  0
    Cyclomatic Complexity   11
    Maintainability (MI)    153

 Segment     Used  Free
-----------  ----  ----
00000-00003     4  0  
00004-0002E    43  0  
0002F-007FF   159  1842  
00800-00FFF     0  2048  
01000-017FF     0  2048  
01800-01FFF     0  2048  



