
ROM used:   620/8192 (8%)
            620/8192 (8%) including unused fragments

            0.2 Average locations per line
            1.4 Average locations per statement

RAM used:   47/368 (13%) at main() level
            50/368 (14%) worst case

Stack used: 3 worst case (2 in main + 1 for interrupts)
Stack size: 8

Lines Stmts  %   Files
----- ----- ---  -----
  126    74  17  Read_Bluetooth2.c
  661     0   0  C:\Program Files (x86)\PICC\Devices\16F877A.h
  423     0   0  C:\Program Files (x86)\PICC\Drivers\string.h
   32     0   0  C:\Program Files (x86)\PICC\Drivers\stddef.h
   28     0   0  C:\Program Files (x86)\PICC\Drivers\ctype.h
   37     0   0  C:\Program Files (x86)\PICC\Drivers\stdio.h
 1351   359  83  C:\Program Files (x86)\PICC\Drivers\stdlib.h
----- -----
 2658   433 Total

Page ROM  %  RAM   Vol Diff  Functions:
---- --- --- ---   --- ----  ----------
0     21   3    1             @delay_ms1
 Inline         0             @GETCH_BIU_1
0     68  11    5   231  6.6  strcmp
0     27   4    0    48  1.9  RDA_isr
0    239  39    2   502  2.3  MAIN
0      6   1    0             @const913
0      6   1    0   152  2.2  @const914
0      6   1    0             @const915
0      6   1    0             @const916
0      6   1    0             @const917
0      6   1    0             @const918
0      6   1    0             @const919
0      6   1    0             @const920
0      6   1    0             @const921
0      6   1    0             @const922
0    156  25    1  1514  3.9  Rutina
 Inline         0             @cinit1

Program metrics:
    Functions               5
    Statements              433
    Comments                505
    Volume (V)              3209
    Difficulty (D)          16.4
    Effort to implement (E) 52696
    Time to implement (T)   49 minutes
    Est Delivered Bugs (B)  0
    Cyclomatic Complexity   13
    Maintainability (MI)    71

 Segment     Used  Free
-----------  ----  ----
00000-00003     4  0  
00004-00030    45  0  
00031-007FF   571  1428  
00800-00FFF     0  2048  
01000-017FF     0  2048  
01800-01FFF     0  2048  



