
ROM used:   1366/7936 (17%)
            1366/7936 (17%) including unused fragments

            1.6 Average locations per line
            17.3 Average locations per statement

RAM used:   15/357 (4%) at main() level
            37/357 (10%) worst case

Stack used: 4 worst case (4 in main + 0 for interrupts)
Stack size: 7

Lines Stmts  %   Files
----- ----- ---  -----
   37    16  20  SerialWrite.c
  661     0   0  C:\Program Files (x86)\PICC\Devices\16f877a.h
  180    63  80  LCD.C
----- -----
  878    79 Total

Page ROM  %  RAM   Vol Diff  Functions:
---- --- --- ---   --- ----  ----------
0     21   2    1             @delay_ms1
0      8   1    0             @const629
 Inline         3   463  4.3  lcd_read_byte
0     14   1    1   134  2.2  lcd_send_nibble
0     58   4    3   317  4.3  lcd_send_byte
0     44   3    2   422  4.7  lcd_init
 Inline         4   186  5.5  lcd_gotoxy
0     53   4    1   272  4.1  lcd_putc
0    181  13   10   475  4.1  MAIN
0     31   2    2             @ITOF
0    117   9   13             @MULFF
0    204  15   14             @DIVFF
0     33   2    4             @SFTOI
0     31   2    5             @FTOSD
0     79   6   13             @DIV3232
0    201  15   13             @PRINTF_L32D_9600_62_63FPFPF
0      4   0    0             @const681
0     86   6    5             @PSTRINGCN7_650
0    197  14   13             @PRINTF_L32D_650FPFPF
 Inline         0             @cinit1

Program metrics:
    Functions               7
    Statements              79
    Comments                162
    Volume (V)              3458
    Difficulty (D)          27.4
    Effort to implement (E) 94690
    Time to implement (T)   1 hours, 28 minutes
    Est Delivered Bugs (B)  1
    Cyclomatic Complexity   7
    Maintainability (MI)    145

 Segment     Used  Free
-----------  ----  ----
00000-00003     4  0  
00004-007FF  1362  682  
00800-00FFF     0  2048  
01000-017FF     0  2048  
01800-01EFF     0  1792  



